{"/Users/I750248/IdeaProjects/students-platform/students-platform/backend/src/server.ts": {"path":"/Users/I750248/IdeaProjects/students-platform/students-platform/backend/src/server.ts","statementMap":{"0":{"start":{"line":1,"column":0},"end":{"line":1,"column":30}},"1":{"start":{"line":2,"column":0},"end":{"line":2,"column":24}},"2":{"start":{"line":3,"column":0},"end":{"line":3,"column":33}},"3":{"start":{"line":4,"column":0},"end":{"line":4,"column":35}},"4":{"start":{"line":5,"column":0},"end":{"line":5,"column":52}},"5":{"start":{"line":6,"column":0},"end":{"line":6,"column":70}},"6":{"start":{"line":7,"column":0},"end":{"line":7,"column":73}},"7":{"start":{"line":8,"column":0},"end":{"line":8,"column":64}},"8":{"start":{"line":9,"column":0},"end":{"line":9,"column":41}},"9":{"start":{"line":11,"column":12},"end":{"line":11,"column":21}},"10":{"start":{"line":13,"column":0},"end":{"line":13,"column":24}},"11":{"start":{"line":15,"column":0},"end":{"line":20,"column":2}},"12":{"start":{"line":22,"column":0},"end":{"line":22,"column":24}},"13":{"start":{"line":23,"column":0},"end":{"line":23,"column":34}},"14":{"start":{"line":24,"column":0},"end":{"line":24,"column":34}},"15":{"start":{"line":25,"column":0},"end":{"line":25,"column":35}},"16":{"start":{"line":26,"column":0},"end":{"line":26,"column":43}},"17":{"start":{"line":28,"column":0},"end":{"line":30,"column":3}},"18":{"start":{"line":29,"column":2},"end":{"line":29,"column":71}},"19":{"start":{"line":32,"column":13},"end":{"line":32,"column":29}},"20":{"start":{"line":35,"column":2},"end":{"line":35,"column":21}},"21":{"start":{"line":37,"column":2},"end":{"line":40,"column":5}},"22":{"start":{"line":38,"column":4},"end":{"line":38,"column":45}},"23":{"start":{"line":39,"column":4},"end":{"line":39,"column":50}},"24":{"start":{"line":43,"column":0},"end":{"line":46,"column":3}},"25":{"start":{"line":44,"column":2},"end":{"line":44,"column":48}},"26":{"start":{"line":45,"column":2},"end":{"line":45,"column":18}}},"fnMap":{"0":{"name":"(anonymous_1)","decl":{"start":{"line":28,"column":16},"end":{"line":28,"column":17}},"loc":{"start":{"line":28,"column":30},"end":{"line":30,"column":1}}},"1":{"name":"start","decl":{"start":{"line":34,"column":15},"end":{"line":34,"column":20}},"loc":{"start":{"line":34,"column":20},"end":{"line":41,"column":1}}},"2":{"name":"(anonymous_3)","decl":{"start":{"line":37,"column":19},"end":{"line":37,"column":22}},"loc":{"start":{"line":37,"column":24},"end":{"line":40,"column":3}}},"3":{"name":"(anonymous_4)","decl":{"start":{"line":43,"column":14},"end":{"line":43,"column":15}},"loc":{"start":{"line":43,"column":22},"end":{"line":46,"column":1}}}},"branchMap":{"0":{"loc":{"start":{"line":32,"column":13},"end":{"line":32,"column":29}},"type":"binary-expr","locations":[{"start":{"line":32,"column":13},"end":{"line":32,"column":21}},{"start":{"line":32,"column":25},"end":{"line":32,"column":29}}]}},"s":{"0":0,"1":0,"2":0,"3":0,"4":0,"5":0,"6":0,"7":0,"8":0,"9":0,"10":0,"11":0,"12":0,"13":0,"14":0,"15":0,"16":0,"17":0,"18":0,"19":0,"20":0,"21":0,"22":0,"23":0,"24":0,"25":0,"26":0},"f":{"0":0,"1":0,"2":0,"3":0},"b":{"0":[0,0]}}
,"/Users/I750248/IdeaProjects/students-platform/students-platform/backend/src/config/env.ts": {"path":"/Users/I750248/IdeaProjects/students-platform/students-platform/backend/src/config/env.ts","statementMap":{"0":{"start":{"line":1,"column":0},"end":{"line":1,"column":23}},"1":{"start":{"line":3,"column":13},"end":{"line":15,"column":2}}},"fnMap":{},"branchMap":{"0":{"loc":{"start":{"line":4,"column":12},"end":{"line":4,"column":49}},"type":"binary-expr","locations":[{"start":{"line":4,"column":12},"end":{"line":4,"column":32}},{"start":{"line":4,"column":36},"end":{"line":4,"column":49}}]},"1":{"loc":{"start":{"line":5,"column":13},"end":{"line":5,"column":40}},"type":"binary-expr","locations":[{"start":{"line":5,"column":13},"end":{"line":5,"column":34}},{"start":{"line":5,"column":38},"end":{"line":5,"column":40}}]},"2":{"loc":{"start":{"line":6,"column":15},"end":{"line":6,"column":39}},"type":"binary-expr","locations":[{"start":{"line":6,"column":15},"end":{"line":6,"column":31}},{"start":{"line":6,"column":35},"end":{"line":6,"column":39}}]},"3":{"loc":{"start":{"line":7,"column":14},"end":{"line":7,"column":50}},"type":"binary-expr","locations":[{"start":{"line":7,"column":14},"end":{"line":7,"column":36}},{"start":{"line":7,"column":40},"end":{"line":7,"column":50}}]},"4":{"loc":{"start":{"line":8,"column":18},"end":{"line":8,"column":52}},"type":"binary-expr","locations":[{"start":{"line":8,"column":18},"end":{"line":8,"column":44}},{"start":{"line":8,"column":48},"end":{"line":8,"column":52}}]},"5":{"loc":{"start":{"line":9,"column":16},"end":{"line":9,"column":67}},"type":"binary-expr","locations":[{"start":{"line":9,"column":16},"end":{"line":9,"column":40}},{"start":{"line":9,"column":44},"end":{"line":9,"column":67}}]},"6":{"loc":{"start":{"line":11,"column":6},"end":{"line":11,"column":75}},"type":"binary-expr","locations":[{"start":{"line":11,"column":6},"end":{"line":11,"column":25}},{"start":{"line":11,"column":29},"end":{"line":11,"column":75}}]},"7":{"loc":{"start":{"line":11,"column":49},"end":{"line":11,"column":73}},"type":"binary-expr","locations":[{"start":{"line":11,"column":49},"end":{"line":11,"column":65}},{"start":{"line":11,"column":69},"end":{"line":11,"column":73}}]},"8":{"loc":{"start":{"line":12,"column":15},"end":{"line":12,"column":44}},"type":"binary-expr","locations":[{"start":{"line":12,"column":15},"end":{"line":12,"column":38}},{"start":{"line":12,"column":42},"end":{"line":12,"column":44}}]},"9":{"loc":{"start":{"line":13,"column":17},"end":{"line":13,"column":48}},"type":"binary-expr","locations":[{"start":{"line":13,"column":17},"end":{"line":13,"column":42}},{"start":{"line":13,"column":46},"end":{"line":13,"column":48}}]},"10":{"loc":{"start":{"line":14,"column":22},"end":{"line":14,"column":97}},"type":"binary-expr","locations":[{"start":{"line":14,"column":22},"end":{"line":14,"column":52}},{"start":{"line":14,"column":56},"end":{"line":14,"column":97}}]}},"s":{"0":2,"1":2},"f":{},"b":{"0":[2,0],"1":[2,0],"2":[2,0],"3":[2,0],"4":[2,0],"5":[2,0],"6":[2,0],"7":[0,0],"8":[2,0],"9":[2,0],"10":[2,0]}}
,"/Users/I750248/IdeaProjects/students-platform/students-platform/backend/src/modules/category/category.constants.ts": {"path":"/Users/I750248/IdeaProjects/students-platform/students-platform/backend/src/modules/category/category.constants.ts","statementMap":{"0":{"start":{"line":4,"column":13},"end":{"line":9,"column":11}},"1":{"start":{"line":14,"column":13},"end":{"line":20,"column":11}}},"fnMap":{},"branchMap":{},"s":{"0":6,"1":6},"f":{},"b":{}}
,"/Users/I750248/IdeaProjects/students-platform/students-platform/backend/src/modules/category/category.controller.ts": {"path":"/Users/I750248/IdeaProjects/students-platform/students-platform/backend/src/modules/category/category.controller.ts","statementMap":{"0":{"start":{"line":2,"column":0},"end":{"line":2,"column":53}},"1":{"start":{"line":3,"column":0},"end":{"line":3,"column":54}},"2":{"start":{"line":4,"column":0},"end":{"line":4,"column":43}},"3":{"start":{"line":7,"column":2},"end":{"line":25,"column":4}},"4":{"start":{"line":8,"column":4},"end":{"line":24,"column":5}},"5":{"start":{"line":9,"column":23},"end":{"line":9,"column":69}},"6":{"start":{"line":10,"column":27},"end":{"line":10,"column":66}},"7":{"start":{"line":11,"column":6},"end":{"line":11,"column":48}},"8":{"start":{"line":13,"column":6},"end":{"line":22,"column":7}},"9":{"start":{"line":14,"column":8},"end":{"line":21,"column":9}},"10":{"start":{"line":16,"column":12},"end":{"line":16,"column":112}},"11":{"start":{"line":18,"column":12},"end":{"line":18,"column":95}},"12":{"start":{"line":20,"column":12},"end":{"line":20,"column":95}},"13":{"start":{"line":23,"column":6},"end":{"line":23,"column":23}},"14":{"start":{"line":27,"column":2},"end":{"line":50,"column":4}},"15":{"start":{"line":28,"column":4},"end":{"line":49,"column":5}},"16":{"start":{"line":29,"column":21},"end":{"line":29,"column":31}},"17":{"start":{"line":30,"column":23},"end":{"line":30,"column":73}},"18":{"start":{"line":31,"column":27},"end":{"line":31,"column":66}},"19":{"start":{"line":32,"column":6},"end":{"line":32,"column":48}},"20":{"start":{"line":34,"column":6},"end":{"line":47,"column":7}},"21":{"start":{"line":35,"column":8},"end":{"line":46,"column":9}},"22":{"start":{"line":37,"column":12},"end":{"line":37,"column":75}},"23":{"start":{"line":39,"column":12},"end":{"line":39,"column":112}},"24":{"start":{"line":41,"column":12},"end":{"line":41,"column":95}},"25":{"start":{"line":43,"column":12},"end":{"line":43,"column":95}},"26":{"start":{"line":45,"column":12},"end":{"line":45,"column":105}},"27":{"start":{"line":48,"column":6},"end":{"line":48,"column":23}},"28":{"start":{"line":52,"column":2},"end":{"line":64,"column":4}},"29":{"start":{"line":53,"column":4},"end":{"line":63,"column":5}},"30":{"start":{"line":54,"column":21},"end":{"line":54,"column":31}},"31":{"start":{"line":55,"column":23},"end":{"line":55,"column":64}},"32":{"start":{"line":56,"column":27},"end":{"line":56,"column":66}},"33":{"start":{"line":57,"column":6},"end":{"line":57,"column":48}},"34":{"start":{"line":59,"column":6},"end":{"line":61,"column":7}},"35":{"start":{"line":60,"column":8},"end":{"line":60,"column":71}},"36":{"start":{"line":62,"column":6},"end":{"line":62,"column":23}},"37":{"start":{"line":66,"column":2},"end":{"line":78,"column":4}},"38":{"start":{"line":67,"column":4},"end":{"line":77,"column":5}},"39":{"start":{"line":68,"column":23},"end":{"line":68,"column":33}},"40":{"start":{"line":69,"column":23},"end":{"line":69,"column":68}},"41":{"start":{"line":70,"column":27},"end":{"line":70,"column":66}},"42":{"start":{"line":71,"column":6},"end":{"line":71,"column":48}},"43":{"start":{"line":73,"column":6},"end":{"line":75,"column":7}},"44":{"start":{"line":74,"column":8},"end":{"line":74,"column":71}},"45":{"start":{"line":76,"column":6},"end":{"line":76,"column":23}},"46":{"start":{"line":80,"column":2},"end":{"line":88,"column":4}},"47":{"start":{"line":81,"column":4},"end":{"line":87,"column":5}},"48":{"start":{"line":82,"column":25},"end":{"line":82,"column":68}},"49":{"start":{"line":83,"column":29},"end":{"line":83,"column":72}},"50":{"start":{"line":84,"column":6},"end":{"line":84,"column":50}},"51":{"start":{"line":86,"column":6},"end":{"line":86,"column":23}},"52":{"start":{"line":90,"column":2},"end":{"line":98,"column":4}},"53":{"start":{"line":91,"column":4},"end":{"line":97,"column":5}},"54":{"start":{"line":92,"column":25},"end":{"line":92,"column":65}},"55":{"start":{"line":93,"column":29},"end":{"line":93,"column":72}},"56":{"start":{"line":94,"column":6},"end":{"line":94,"column":50}},"57":{"start":{"line":96,"column":6},"end":{"line":96,"column":23}},"58":{"start":{"line":101,"column":13},"end":{"line":101,"column":59}}},"fnMap":{"0":{"name":"(anonymous_0)","decl":{"start":{"line":6,"column":0},"end":{"line":6,"column":6}},"loc":{"start":{"line":6,"column":0},"end":{"line":99,"column":1}}},"1":{"name":"(anonymous_1)","decl":{"start":{"line":7,"column":11},"end":{"line":7,"column":16}},"loc":{"start":{"line":7,"column":69},"end":{"line":25,"column":3}}},"2":{"name":"(anonymous_2)","decl":{"start":{"line":27,"column":11},"end":{"line":27,"column":16}},"loc":{"start":{"line":27,"column":69},"end":{"line":50,"column":3}}},"3":{"name":"(anonymous_3)","decl":{"start":{"line":52,"column":12},"end":{"line":52,"column":17}},"loc":{"start":{"line":52,"column":70},"end":{"line":64,"column":3}}},"4":{"name":"(anonymous_4)","decl":{"start":{"line":66,"column":14},"end":{"line":66,"column":19}},"loc":{"start":{"line":66,"column":72},"end":{"line":78,"column":3}}},"5":{"name":"(anonymous_5)","decl":{"start":{"line":80,"column":14},"end":{"line":80,"column":19}},"loc":{"start":{"line":80,"column":72},"end":{"line":88,"column":3}}},"6":{"name":"(anonymous_6)","decl":{"start":{"line":90,"column":11},"end":{"line":90,"column":16}},"loc":{"start":{"line":90,"column":69},"end":{"line":98,"column":3}}}},"branchMap":{"0":{"loc":{"start":{"line":13,"column":6},"end":{"line":22,"column":7}},"type":"if","locations":[{"start":{"line":13,"column":6},"end":{"line":22,"column":7}},{"start":{},"end":{}}]},"1":{"loc":{"start":{"line":14,"column":8},"end":{"line":21,"column":9}},"type":"switch","locations":[{"start":{"line":15,"column":10},"end":{"line":16,"column":112}},{"start":{"line":17,"column":10},"end":{"line":18,"column":95}},{"start":{"line":19,"column":10},"end":{"line":20,"column":95}}]},"2":{"loc":{"start":{"line":34,"column":6},"end":{"line":47,"column":7}},"type":"if","locations":[{"start":{"line":34,"column":6},"end":{"line":47,"column":7}},{"start":{},"end":{}}]},"3":{"loc":{"start":{"line":35,"column":8},"end":{"line":46,"column":9}},"type":"switch","locations":[{"start":{"line":36,"column":10},"end":{"line":37,"column":75}},{"start":{"line":38,"column":10},"end":{"line":39,"column":112}},{"start":{"line":40,"column":10},"end":{"line":41,"column":95}},{"start":{"line":42,"column":10},"end":{"line":43,"column":95}},{"start":{"line":44,"column":10},"end":{"line":45,"column":105}}]},"4":{"loc":{"start":{"line":59,"column":6},"end":{"line":61,"column":7}},"type":"if","locations":[{"start":{"line":59,"column":6},"end":{"line":61,"column":7}},{"start":{},"end":{}}]},"5":{"loc":{"start":{"line":59,"column":10},"end":{"line":59,"column":74}},"type":"binary-expr","locations":[{"start":{"line":59,"column":10},"end":{"line":59,"column":30}},{"start":{"line":59,"column":34},"end":{"line":59,"column":74}}]},"6":{"loc":{"start":{"line":73,"column":6},"end":{"line":75,"column":7}},"type":"if","locations":[{"start":{"line":73,"column":6},"end":{"line":75,"column":7}},{"start":{},"end":{}}]},"7":{"loc":{"start":{"line":73,"column":10},"end":{"line":73,"column":74}},"type":"binary-expr","locations":[{"start":{"line":73,"column":10},"end":{"line":73,"column":30}},{"start":{"line":73,"column":34},"end":{"line":73,"column":74}}]}},"s":{"0":1,"1":1,"2":1,"3":1,"4":3,"5":3,"6":1,"7":1,"8":2,"9":2,"10":0,"11":1,"12":0,"13":1,"14":1,"15":3,"16":3,"17":3,"18":1,"19":1,"20":2,"21":2,"22":1,"23":0,"24":1,"25":0,"26":0,"27":0,"28":1,"29":2,"30":2,"31":2,"32":1,"33":1,"34":1,"35":1,"36":0,"37":1,"38":2,"39":2,"40":2,"41":1,"42":1,"43":1,"44":1,"45":0,"46":1,"47":0,"48":0,"49":0,"50":0,"51":0,"52":1,"53":2,"54":2,"55":2,"56":2,"57":0,"58":1},"f":{"0":1,"1":3,"2":3,"3":2,"4":2,"5":0,"6":2},"b":{"0":[2,0],"1":[0,1,0],"2":[2,0],"3":[1,0,1,0,0],"4":[1,0],"5":[1,1],"6":[1,0],"7":[1,1]}}
,"/Users/I750248/IdeaProjects/students-platform/students-platform/backend/src/modules/category/category.model.ts": {"path":"/Users/I750248/IdeaProjects/students-platform/students-platform/backend/src/modules/category/category.model.ts","statementMap":{"0":{"start":{"line":1,"column":0},"end":{"line":1,"column":null}},"1":{"start":{"line":8,"column":0},"end":{"line":8,"column":59}},"2":{"start":{"line":10,"column":23},"end":{"line":49,"column":null}},"3":{"start":{"line":53,"column":0},"end":{"line":53,"column":38}},"4":{"start":{"line":56,"column":0},"end":{"line":56,"column":48}},"5":{"start":{"line":61,"column":13},"end":{"line":61,"column":90}}},"fnMap":{},"branchMap":{},"s":{"0":4,"1":4,"2":4,"3":4,"4":4,"5":4},"f":{},"b":{}}
,"/Users/I750248/IdeaProjects/students-platform/students-platform/backend/src/modules/category/category.routes.ts": {"path":"/Users/I750248/IdeaProjects/students-platform/students-platform/backend/src/modules/category/category.routes.ts","statementMap":{"0":{"start":{"line":1,"column":0},"end":{"line":1,"column":33}},"1":{"start":{"line":2,"column":0},"end":{"line":2,"column":59}},"2":{"start":{"line":3,"column":0},"end":{"line":3,"column":73}},"3":{"start":{"line":4,"column":0},"end":{"line":4,"column":71}},"4":{"start":{"line":5,"column":0},"end":{"line":5,"column":null}},"5":{"start":{"line":12,"column":15},"end":{"line":12,"column":23}},"6":{"start":{"line":14,"column":0},"end":{"line":14,"column":46}},"7":{"start":{"line":15,"column":0},"end":{"line":15,"column":82}},"8":{"start":{"line":16,"column":0},"end":{"line":16,"column":78}},"9":{"start":{"line":17,"column":0},"end":{"line":17,"column":67}},"10":{"start":{"line":18,"column":0},"end":{"line":18,"column":98}},"11":{"start":{"line":19,"column":0},"end":{"line":19,"column":120}},"12":{"start":{"line":21,"column":0},"end":{"line":21,"column":22}}},"fnMap":{},"branchMap":{},"s":{"0":0,"1":0,"2":0,"3":0,"4":0,"5":0,"6":0,"7":0,"8":0,"9":0,"10":0,"11":0,"12":0},"f":{},"b":{}}
,"/Users/I750248/IdeaProjects/students-platform/students-platform/backend/src/modules/category/category.service.ts": {"path":"/Users/I750248/IdeaProjects/students-platform/students-platform/backend/src/modules/category/category.service.ts","statementMap":{"0":{"start":{"line":1,"column":0},"end":{"line":1,"column":67}},"1":{"start":{"line":3,"column":0},"end":{"line":3,"column":54}},"2":{"start":{"line":4,"column":0},"end":{"line":4,"column":47}},"3":{"start":{"line":5,"column":0},"end":{"line":5,"column":74}},"4":{"start":{"line":9,"column":25},"end":{"line":11,"column":14}},"5":{"start":{"line":13,"column":23},"end":{"line":13,"column":78}},"6":{"start":{"line":14,"column":4},"end":{"line":16,"column":5}},"7":{"start":{"line":15,"column":6},"end":{"line":15,"column":50}},"8":{"start":{"line":18,"column":21},"end":{"line":18,"column":52}},"9":{"start":{"line":19,"column":4},"end":{"line":19,"column":27}},"10":{"start":{"line":23,"column":29},"end":{"line":23,"column":69}},"11":{"start":{"line":25,"column":4},"end":{"line":27,"column":5}},"12":{"start":{"line":26,"column":6},"end":{"line":26,"column":48}},"13":{"start":{"line":29,"column":23},"end":{"line":31,"column":14}},"14":{"start":{"line":33,"column":4},"end":{"line":41,"column":5}},"15":{"start":{"line":34,"column":25},"end":{"line":37,"column":8}},"16":{"start":{"line":38,"column":6},"end":{"line":40,"column":7}},"17":{"start":{"line":39,"column":8},"end":{"line":39,"column":52}},"18":{"start":{"line":43,"column":4},"end":{"line":48,"column":5}},"19":{"start":{"line":44,"column":33},"end":{"line":44,"column":89}},"20":{"start":{"line":45,"column":6},"end":{"line":47,"column":7}},"21":{"start":{"line":46,"column":8},"end":{"line":46,"column":47}},"22":{"start":{"line":50,"column":21},"end":{"line":54,"column":12}},"23":{"start":{"line":56,"column":4},"end":{"line":56,"column":21}},"24":{"start":{"line":60,"column":21},"end":{"line":60,"column":68}},"25":{"start":{"line":61,"column":4},"end":{"line":63,"column":5}},"26":{"start":{"line":62,"column":6},"end":{"line":62,"column":48}},"27":{"start":{"line":64,"column":4},"end":{"line":64,"column":20}},"28":{"start":{"line":68,"column":21},"end":{"line":68,"column":65}},"29":{"start":{"line":69,"column":4},"end":{"line":71,"column":5}},"30":{"start":{"line":70,"column":6},"end":{"line":70,"column":48}},"31":{"start":{"line":72,"column":4},"end":{"line":72,"column":20}},"32":{"start":{"line":76,"column":4},"end":{"line":78,"column":14}},"33":{"start":{"line":82,"column":4},"end":{"line":84,"column":14}},"34":{"start":{"line":7,"column":0},"end":{"line":7,"column":13}},"35":{"start":{"line":88,"column":13},"end":{"line":88,"column":53}}},"fnMap":{"0":{"name":"(anonymous_0)","decl":{"start":{"line":8,"column":2},"end":{"line":8,"column":7}},"loc":{"start":{"line":8,"column":46},"end":{"line":20,"column":3}}},"1":{"name":"(anonymous_1)","decl":{"start":{"line":22,"column":2},"end":{"line":22,"column":7}},"loc":{"start":{"line":22,"column":66},"end":{"line":57,"column":3}}},"2":{"name":"(anonymous_2)","decl":{"start":{"line":59,"column":2},"end":{"line":59,"column":7}},"loc":{"start":{"line":59,"column":42},"end":{"line":65,"column":3}}},"3":{"name":"(anonymous_3)","decl":{"start":{"line":67,"column":2},"end":{"line":67,"column":7}},"loc":{"start":{"line":67,"column":38},"end":{"line":73,"column":3}}},"4":{"name":"(anonymous_4)","decl":{"start":{"line":75,"column":2},"end":{"line":75,"column":7}},"loc":{"start":{"line":75,"column":27},"end":{"line":79,"column":3}}},"5":{"name":"(anonymous_5)","decl":{"start":{"line":81,"column":2},"end":{"line":81,"column":7}},"loc":{"start":{"line":81,"column":24},"end":{"line":85,"column":3}}}},"branchMap":{"0":{"loc":{"start":{"line":14,"column":4},"end":{"line":16,"column":5}},"type":"if","locations":[{"start":{"line":14,"column":4},"end":{"line":16,"column":5}},{"start":{},"end":{}}]},"1":{"loc":{"start":{"line":25,"column":4},"end":{"line":27,"column":5}},"type":"if","locations":[{"start":{"line":25,"column":4},"end":{"line":27,"column":5}},{"start":{},"end":{}}]},"2":{"loc":{"start":{"line":33,"column":4},"end":{"line":41,"column":5}},"type":"if","locations":[{"start":{"line":33,"column":4},"end":{"line":41,"column":5}},{"start":{},"end":{}}]},"3":{"loc":{"start":{"line":38,"column":6},"end":{"line":40,"column":7}},"type":"if","locations":[{"start":{"line":38,"column":6},"end":{"line":40,"column":7}},{"start":{},"end":{}}]},"4":{"loc":{"start":{"line":43,"column":4},"end":{"line":48,"column":5}},"type":"if","locations":[{"start":{"line":43,"column":4},"end":{"line":48,"column":5}},{"start":{},"end":{}}]},"5":{"loc":{"start":{"line":43,"column":8},"end":{"line":43,"column":75}},"type":"binary-expr","locations":[{"start":{"line":43,"column":8},"end":{"line":43,"column":37}},{"start":{"line":43,"column":41},"end":{"line":43,"column":75}}]},"6":{"loc":{"start":{"line":45,"column":6},"end":{"line":47,"column":7}},"type":"if","locations":[{"start":{"line":45,"column":6},"end":{"line":47,"column":7}},{"start":{},"end":{}}]},"7":{"loc":{"start":{"line":61,"column":4},"end":{"line":63,"column":5}},"type":"if","locations":[{"start":{"line":61,"column":4},"end":{"line":63,"column":5}},{"start":{},"end":{}}]},"8":{"loc":{"start":{"line":69,"column":4},"end":{"line":71,"column":5}},"type":"if","locations":[{"start":{"line":69,"column":4},"end":{"line":71,"column":5}},{"start":{},"end":{}}]}},"s":{"0":2,"1":2,"2":2,"3":2,"4":2,"5":2,"6":2,"7":1,"8":1,"9":1,"10":3,"11":3,"12":1,"13":2,"14":2,"15":2,"16":2,"17":1,"18":1,"19":0,"20":0,"21":0,"22":1,"23":1,"24":2,"25":2,"26":1,"27":1,"28":2,"29":2,"30":1,"31":1,"32":0,"33":2,"34":2,"35":2},"f":{"0":2,"1":3,"2":2,"3":2,"4":0,"5":2},"b":{"0":[1,1],"1":[1,2],"2":[2,0],"3":[1,1],"4":[0,1],"5":[1,0],"6":[0,0],"7":[1,1],"8":[1,1]}}
,"/Users/I750248/IdeaProjects/students-platform/students-platform/backend/src/modules/category/category.validation.ts": {"path":"/Users/I750248/IdeaProjects/students-platform/students-platform/backend/src/modules/category/category.validation.ts","statementMap":{"0":{"start":{"line":1,"column":0},"end":{"line":1,"column":48}},"1":{"start":{"line":2,"column":0},"end":{"line":2,"column":87}},"2":{"start":{"line":3,"column":0},"end":{"line":3,"column":59}},"3":{"start":{"line":5,"column":19},"end":{"line":5,"column":47}},"4":{"start":{"line":7,"column":13},"end":{"line":36,"column":2}},"5":{"start":{"line":38,"column":13},"end":{"line":69,"column":2}},"6":{"start":{"line":71,"column":13},"end":{"line":74,"column":2}},"7":{"start":{"line":76,"column":13},"end":{"line":79,"column":2}}},"fnMap":{},"branchMap":{},"s":{"0":0,"1":0,"2":0,"3":0,"4":0,"5":0,"6":0,"7":0},"f":{},"b":{}}
,"/Users/I750248/IdeaProjects/students-platform/students-platform/backend/src/modules/category/builders/category-create.builder.ts": {"path":"/Users/I750248/IdeaProjects/students-platform/students-platform/backend/src/modules/category/builders/category-create.builder.ts","statementMap":{"0":{"start":{"line":2,"column":0},"end":{"line":2,"column":52}},"1":{"start":{"line":5,"column":10},"end":{"line":8,"column":4}},"2":{"start":{"line":11,"column":4},"end":{"line":11,"column":26}},"3":{"start":{"line":12,"column":4},"end":{"line":12,"column":16}},"4":{"start":{"line":16,"column":4},"end":{"line":16,"column":26}},"5":{"start":{"line":17,"column":4},"end":{"line":17,"column":16}},"6":{"start":{"line":21,"column":4},"end":{"line":21,"column":40}},"7":{"start":{"line":22,"column":4},"end":{"line":22,"column":16}},"8":{"start":{"line":26,"column":4},"end":{"line":26,"column":26}},"9":{"start":{"line":27,"column":4},"end":{"line":27,"column":16}},"10":{"start":{"line":31,"column":4},"end":{"line":31,"column":34}},"11":{"start":{"line":32,"column":4},"end":{"line":32,"column":16}},"12":{"start":{"line":36,"column":4},"end":{"line":36,"column":28}},"13":{"start":{"line":37,"column":4},"end":{"line":37,"column":16}},"14":{"start":{"line":41,"column":4},"end":{"line":47,"column":32}},"15":{"start":{"line":51,"column":4},"end":{"line":51,"column":21}},"16":{"start":{"line":4,"column":0},"end":{"line":4,"column":13}}},"fnMap":{"0":{"name":"(anonymous_0)","decl":{"start":{"line":4,"column":0},"end":{"line":4,"column":13}},"loc":{"start":{"line":4,"column":0},"end":{"line":53,"column":1}}},"1":{"name":"(anonymous_1)","decl":{"start":{"line":10,"column":2},"end":{"line":10,"column":9}},"loc":{"start":{"line":10,"column":22},"end":{"line":13,"column":3}}},"2":{"name":"(anonymous_2)","decl":{"start":{"line":15,"column":2},"end":{"line":15,"column":9}},"loc":{"start":{"line":15,"column":22},"end":{"line":18,"column":3}}},"3":{"name":"(anonymous_3)","decl":{"start":{"line":20,"column":2},"end":{"line":20,"column":16}},"loc":{"start":{"line":20,"column":37},"end":{"line":23,"column":3}}},"4":{"name":"(anonymous_4)","decl":{"start":{"line":25,"column":2},"end":{"line":25,"column":9}},"loc":{"start":{"line":25,"column":23},"end":{"line":28,"column":3}}},"5":{"name":"(anonymous_5)","decl":{"start":{"line":30,"column":2},"end":{"line":30,"column":13}},"loc":{"start":{"line":30,"column":31},"end":{"line":33,"column":3}}},"6":{"name":"(anonymous_6)","decl":{"start":{"line":35,"column":2},"end":{"line":35,"column":10}},"loc":{"start":{"line":35,"column":24},"end":{"line":38,"column":3}}},"7":{"name":"(anonymous_7)","decl":{"start":{"line":40,"column":2},"end":{"line":40,"column":9}},"loc":{"start":{"line":40,"column":32},"end":{"line":48,"column":3}}},"8":{"name":"(anonymous_8)","decl":{"start":{"line":50,"column":2},"end":{"line":50,"column":7}},"loc":{"start":{"line":50,"column":7},"end":{"line":52,"column":3}}}},"branchMap":{"0":{"loc":{"start":{"line":46,"column":19},"end":{"line":46,"column":39}},"type":"binary-expr","locations":[{"start":{"line":46,"column":19},"end":{"line":46,"column":31}},{"start":{"line":46,"column":35},"end":{"line":46,"column":39}}]},"1":{"loc":{"start":{"line":47,"column":16},"end":{"line":47,"column":30}},"type":"binary-expr","locations":[{"start":{"line":47,"column":16},"end":{"line":47,"column":25}},{"start":{"line":47,"column":29},"end":{"line":47,"column":30}}]}},"s":{"0":2,"1":2,"2":2,"3":2,"4":2,"5":2,"6":2,"7":2,"8":2,"9":2,"10":2,"11":2,"12":2,"13":2,"14":2,"15":2,"16":2},"f":{"0":2,"1":2,"2":2,"3":2,"4":2,"5":2,"6":2,"7":2,"8":2},"b":{"0":[2,2],"1":[2,2]}}
,"/Users/I750248/IdeaProjects/students-platform/students-platform/backend/src/modules/category/builders/category-update.builder.ts": {"path":"/Users/I750248/IdeaProjects/students-platform/students-platform/backend/src/modules/category/builders/category-update.builder.ts","statementMap":{"0":{"start":{"line":2,"column":0},"end":{"line":2,"column":52}},"1":{"start":{"line":5,"column":10},"end":{"line":5,"column":25}},"2":{"start":{"line":8,"column":4},"end":{"line":8,"column":26}},"3":{"start":{"line":9,"column":4},"end":{"line":11,"column":5}},"4":{"start":{"line":10,"column":6},"end":{"line":10,"column":36}},"5":{"start":{"line":12,"column":4},"end":{"line":12,"column":16}},"6":{"start":{"line":16,"column":4},"end":{"line":16,"column":26}},"7":{"start":{"line":17,"column":4},"end":{"line":17,"column":16}},"8":{"start":{"line":21,"column":4},"end":{"line":21,"column":40}},"9":{"start":{"line":22,"column":4},"end":{"line":22,"column":16}},"10":{"start":{"line":26,"column":4},"end":{"line":26,"column":26}},"11":{"start":{"line":27,"column":4},"end":{"line":27,"column":16}},"12":{"start":{"line":31,"column":4},"end":{"line":31,"column":34}},"13":{"start":{"line":32,"column":4},"end":{"line":32,"column":16}},"14":{"start":{"line":36,"column":4},"end":{"line":36,"column":28}},"15":{"start":{"line":37,"column":4},"end":{"line":37,"column":16}},"16":{"start":{"line":41,"column":4},"end":{"line":47,"column":28}},"17":{"start":{"line":51,"column":4},"end":{"line":51,"column":21}},"18":{"start":{"line":4,"column":0},"end":{"line":4,"column":13}}},"fnMap":{"0":{"name":"(anonymous_0)","decl":{"start":{"line":4,"column":0},"end":{"line":4,"column":13}},"loc":{"start":{"line":4,"column":0},"end":{"line":53,"column":1}}},"1":{"name":"(anonymous_1)","decl":{"start":{"line":7,"column":2},"end":{"line":7,"column":9}},"loc":{"start":{"line":7,"column":22},"end":{"line":13,"column":3}}},"2":{"name":"(anonymous_2)","decl":{"start":{"line":15,"column":2},"end":{"line":15,"column":9}},"loc":{"start":{"line":15,"column":22},"end":{"line":18,"column":3}}},"3":{"name":"(anonymous_3)","decl":{"start":{"line":20,"column":2},"end":{"line":20,"column":16}},"loc":{"start":{"line":20,"column":37},"end":{"line":23,"column":3}}},"4":{"name":"(anonymous_4)","decl":{"start":{"line":25,"column":2},"end":{"line":25,"column":9}},"loc":{"start":{"line":25,"column":23},"end":{"line":28,"column":3}}},"5":{"name":"(anonymous_5)","decl":{"start":{"line":30,"column":2},"end":{"line":30,"column":13}},"loc":{"start":{"line":30,"column":31},"end":{"line":33,"column":3}}},"6":{"name":"(anonymous_6)","decl":{"start":{"line":35,"column":2},"end":{"line":35,"column":10}},"loc":{"start":{"line":35,"column":24},"end":{"line":38,"column":3}}},"7":{"name":"(anonymous_7)","decl":{"start":{"line":40,"column":2},"end":{"line":40,"column":9}},"loc":{"start":{"line":40,"column":32},"end":{"line":48,"column":3}}},"8":{"name":"(anonymous_8)","decl":{"start":{"line":50,"column":2},"end":{"line":50,"column":7}},"loc":{"start":{"line":50,"column":7},"end":{"line":52,"column":3}}}},"branchMap":{"0":{"loc":{"start":{"line":9,"column":4},"end":{"line":11,"column":5}},"type":"if","locations":[{"start":{"line":9,"column":4},"end":{"line":11,"column":5}},{"start":{},"end":{}}]},"1":{"loc":{"start":{"line":43,"column":15},"end":{"line":43,"column":44}},"type":"binary-expr","locations":[{"start":{"line":43,"column":15},"end":{"line":43,"column":23}},{"start":{"line":43,"column":27},"end":{"line":43,"column":44}}]}},"s":{"0":2,"1":2,"2":2,"3":2,"4":2,"5":2,"6":2,"7":2,"8":2,"9":2,"10":2,"11":2,"12":2,"13":2,"14":2,"15":2,"16":2,"17":2,"18":2},"f":{"0":2,"1":2,"2":2,"3":2,"4":2,"5":2,"6":2,"7":2,"8":2},"b":{"0":[2,0],"1":[2,2]}}
,"/Users/I750248/IdeaProjects/students-platform/students-platform/backend/src/modules/category/builders/index.ts": {"path":"/Users/I750248/IdeaProjects/students-platform/students-platform/backend/src/modules/category/builders/index.ts","statementMap":{"0":{"start":{"line":1,"column":0},"end":{"line":1,"column":9}},"1":{"start":{"line":1,"column":9},"end":{"line":1,"column":66}},"2":{"start":{"line":2,"column":0},"end":{"line":2,"column":9}},"3":{"start":{"line":2,"column":9},"end":{"line":2,"column":66}}},"fnMap":{"0":{"name":"(anonymous_0)","decl":{"start":{"line":1,"column":9},"end":{"line":1,"column":30}},"loc":{"start":{"line":1,"column":9},"end":{"line":1,"column":66}}},"1":{"name":"(anonymous_1)","decl":{"start":{"line":2,"column":9},"end":{"line":2,"column":30}},"loc":{"start":{"line":2,"column":9},"end":{"line":2,"column":66}}}},"branchMap":{},"s":{"0":2,"1":4,"2":2,"3":4},"f":{"0":2,"1":2},"b":{}}
,"/Users/I750248/IdeaProjects/students-platform/students-platform/backend/src/modules/category/mappers/category.mapper.ts": {"path":"/Users/I750248/IdeaProjects/students-platform/students-platform/backend/src/modules/category/mappers/category.mapper.ts","statementMap":{"0":{"start":{"line":13,"column":4},"end":{"line":23,"column":6}},"1":{"start":{"line":30,"column":4},"end":{"line":30,"column":71}},"2":{"start":{"line":30,"column":40},"end":{"line":30,"column":69}},"3":{"start":{"line":8,"column":0},"end":{"line":8,"column":13}}},"fnMap":{"0":{"name":"(anonymous_0)","decl":{"start":{"line":12,"column":2},"end":{"line":12,"column":8}},"loc":{"start":{"line":12,"column":45},"end":{"line":24,"column":3}}},"1":{"name":"(anonymous_1)","decl":{"start":{"line":29,"column":2},"end":{"line":29,"column":8}},"loc":{"start":{"line":29,"column":51},"end":{"line":31,"column":3}}},"2":{"name":"(anonymous_2)","decl":{"start":{"line":30,"column":26},"end":{"line":30,"column":27}},"loc":{"start":{"line":30,"column":40},"end":{"line":30,"column":69}}}},"branchMap":{"0":{"loc":{"start":{"line":17,"column":19},"end":{"line":17,"column":52}},"type":"binary-expr","locations":[{"start":{"line":17,"column":19},"end":{"line":17,"column":39}},{"start":{"line":17,"column":43},"end":{"line":17,"column":52}}]},"1":{"loc":{"start":{"line":18,"column":12},"end":{"line":18,"column":38}},"type":"binary-expr","locations":[{"start":{"line":18,"column":12},"end":{"line":18,"column":25}},{"start":{"line":18,"column":29},"end":{"line":18,"column":38}}]}},"s":{"0":6,"1":2,"2":2,"3":1},"f":{"0":6,"1":2,"2":2},"b":{"0":[6,4],"1":[6,6]}}
,"/Users/I750248/IdeaProjects/students-platform/students-platform/backend/src/modules/category/mappers/index.ts": {"path":"/Users/I750248/IdeaProjects/students-platform/students-platform/backend/src/modules/category/mappers/index.ts","statementMap":{"0":{"start":{"line":1,"column":0},"end":{"line":1,"column":9}},"1":{"start":{"line":1,"column":9},"end":{"line":1,"column":51}}},"fnMap":{"0":{"name":"(anonymous_0)","decl":{"start":{"line":1,"column":9},"end":{"line":1,"column":23}},"loc":{"start":{"line":1,"column":9},"end":{"line":1,"column":51}}}},"branchMap":{},"s":{"0":1,"1":7},"f":{"0":6},"b":{}}
,"/Users/I750248/IdeaProjects/students-platform/students-platform/backend/src/modules/comment/comment.controller.ts": {"path":"/Users/I750248/IdeaProjects/students-platform/students-platform/backend/src/modules/comment/comment.controller.ts","statementMap":{"0":{"start":{"line":3,"column":0},"end":{"line":3,"column":97}},"1":{"start":{"line":4,"column":0},"end":{"line":4,"column":61}},"2":{"start":{"line":7,"column":2},"end":{"line":38,"column":4}},"3":{"start":{"line":12,"column":4},"end":{"line":37,"column":5}},"4":{"start":{"line":13,"column":51},"end":{"line":13,"column":59}},"5":{"start":{"line":15,"column":44},"end":{"line":20,"column":8}},"6":{"start":{"line":22,"column":22},"end":{"line":22,"column":69}},"7":{"start":{"line":23,"column":26},"end":{"line":23,"column":63}},"8":{"start":{"line":25,"column":6},"end":{"line":28,"column":9}},"9":{"start":{"line":30,"column":6},"end":{"line":32,"column":7}},"10":{"start":{"line":31,"column":8},"end":{"line":31,"column":67}},"11":{"start":{"line":33,"column":6},"end":{"line":35,"column":7}},"12":{"start":{"line":34,"column":8},"end":{"line":34,"column":77}},"13":{"start":{"line":36,"column":6},"end":{"line":36,"column":23}},"14":{"start":{"line":40,"column":2},"end":{"line":77,"column":4}},"15":{"start":{"line":45,"column":4},"end":{"line":76,"column":5}},"16":{"start":{"line":46,"column":25},"end":{"line":46,"column":35}},"17":{"start":{"line":47,"column":70},"end":{"line":47,"column":79}},"18":{"start":{"line":49,"column":30},"end":{"line":51,"column":null}},"19":{"start":{"line":54,"column":34},"end":{"line":59,"column":8}},"20":{"start":{"line":61,"column":27},"end":{"line":62,"column":null}},"21":{"start":{"line":62,"column":8},"end":{"line":62,"column":45}},"22":{"start":{"line":65,"column":6},"end":{"line":73,"column":9}},"23":{"start":{"line":75,"column":6},"end":{"line":75,"column":23}},"24":{"start":{"line":79,"column":2},"end":{"line":99,"column":4}},"25":{"start":{"line":84,"column":4},"end":{"line":98,"column":5}},"26":{"start":{"line":85,"column":28},"end":{"line":85,"column":38}},"27":{"start":{"line":87,"column":22},"end":{"line":87,"column":68}},"28":{"start":{"line":89,"column":6},"end":{"line":91,"column":7}},"29":{"start":{"line":90,"column":8},"end":{"line":90,"column":70}},"30":{"start":{"line":93,"column":26},"end":{"line":93,"column":63}},"31":{"start":{"line":95,"column":6},"end":{"line":95,"column":60}},"32":{"start":{"line":97,"column":6},"end":{"line":97,"column":23}},"33":{"start":{"line":101,"column":2},"end":{"line":132,"column":4}},"34":{"start":{"line":106,"column":4},"end":{"line":131,"column":5}},"35":{"start":{"line":107,"column":28},"end":{"line":107,"column":38}},"36":{"start":{"line":108,"column":26},"end":{"line":108,"column":34}},"37":{"start":{"line":110,"column":30},"end":{"line":110,"column":76}},"38":{"start":{"line":112,"column":6},"end":{"line":114,"column":7}},"39":{"start":{"line":113,"column":8},"end":{"line":113,"column":70}},"40":{"start":{"line":116,"column":6},"end":{"line":118,"column":7}},"41":{"start":{"line":117,"column":8},"end":{"line":117,"column":98}},"42":{"start":{"line":120,"column":43},"end":{"line":120,"column":54}},"43":{"start":{"line":121,"column":29},"end":{"line":121,"column":86}},"44":{"start":{"line":123,"column":26},"end":{"line":123,"column":71}},"45":{"start":{"line":125,"column":6},"end":{"line":128,"column":9}},"46":{"start":{"line":130,"column":6},"end":{"line":130,"column":23}},"47":{"start":{"line":134,"column":2},"end":{"line":158,"column":4}},"48":{"start":{"line":139,"column":4},"end":{"line":157,"column":5}},"49":{"start":{"line":140,"column":28},"end":{"line":140,"column":38}},"50":{"start":{"line":142,"column":22},"end":{"line":142,"column":68}},"51":{"start":{"line":144,"column":6},"end":{"line":146,"column":7}},"52":{"start":{"line":145,"column":8},"end":{"line":145,"column":70}},"53":{"start":{"line":148,"column":6},"end":{"line":150,"column":7}},"54":{"start":{"line":149,"column":8},"end":{"line":149,"column":98}},"55":{"start":{"line":152,"column":6},"end":{"line":152,"column":52}},"56":{"start":{"line":154,"column":6},"end":{"line":154,"column":79}},"57":{"start":{"line":156,"column":6},"end":{"line":156,"column":23}},"58":{"start":{"line":160,"column":2},"end":{"line":174,"column":4}},"59":{"start":{"line":165,"column":4},"end":{"line":173,"column":5}},"60":{"start":{"line":166,"column":25},"end":{"line":166,"column":35}},"61":{"start":{"line":168,"column":20},"end":{"line":168,"column":64}},"62":{"start":{"line":170,"column":6},"end":{"line":170,"column":45}},"63":{"start":{"line":172,"column":6},"end":{"line":172,"column":23}},"64":{"start":{"line":176,"column":2},"end":{"line":190,"column":4}},"65":{"start":{"line":181,"column":4},"end":{"line":189,"column":5}},"66":{"start":{"line":182,"column":28},"end":{"line":182,"column":38}},"67":{"start":{"line":184,"column":20},"end":{"line":184,"column":67}},"68":{"start":{"line":186,"column":6},"end":{"line":186,"column":45}},"69":{"start":{"line":188,"column":6},"end":{"line":188,"column":23}},"70":{"start":{"line":193,"column":13},"end":{"line":193,"column":57}}},"fnMap":{"0":{"name":"(anonymous_0)","decl":{"start":{"line":6,"column":0},"end":{"line":6,"column":6}},"loc":{"start":{"line":6,"column":0},"end":{"line":191,"column":1}}},"1":{"name":"(anonymous_1)","decl":{"start":{"line":7,"column":18},"end":{"line":7,"column":23}},"loc":{"start":{"line":11,"column":6},"end":{"line":38,"column":3}}},"2":{"name":"(anonymous_2)","decl":{"start":{"line":40,"column":22},"end":{"line":40,"column":27}},"loc":{"start":{"line":44,"column":6},"end":{"line":77,"column":3}}},"3":{"name":"(anonymous_3)","decl":{"start":{"line":61,"column":40},"end":{"line":61,"column":41}},"loc":{"start":{"line":62,"column":8},"end":{"line":62,"column":45}}},"4":{"name":"(anonymous_4)","decl":{"start":{"line":79,"column":19},"end":{"line":79,"column":24}},"loc":{"start":{"line":83,"column":6},"end":{"line":99,"column":3}}},"5":{"name":"(anonymous_5)","decl":{"start":{"line":101,"column":18},"end":{"line":101,"column":23}},"loc":{"start":{"line":105,"column":6},"end":{"line":132,"column":3}}},"6":{"name":"(anonymous_6)","decl":{"start":{"line":134,"column":18},"end":{"line":134,"column":23}},"loc":{"start":{"line":138,"column":6},"end":{"line":158,"column":3}}},"7":{"name":"(anonymous_7)","decl":{"start":{"line":160,"column":20},"end":{"line":160,"column":25}},"loc":{"start":{"line":164,"column":6},"end":{"line":174,"column":3}}},"8":{"name":"(anonymous_8)","decl":{"start":{"line":176,"column":20},"end":{"line":176,"column":25}},"loc":{"start":{"line":180,"column":6},"end":{"line":190,"column":3}}}},"branchMap":{"0":{"loc":{"start":{"line":30,"column":6},"end":{"line":32,"column":7}},"type":"if","locations":[{"start":{"line":30,"column":6},"end":{"line":32,"column":7}},{"start":{},"end":{}}]},"1":{"loc":{"start":{"line":33,"column":6},"end":{"line":35,"column":7}},"type":"if","locations":[{"start":{"line":33,"column":6},"end":{"line":35,"column":7}},{"start":{},"end":{}}]},"2":{"loc":{"start":{"line":89,"column":6},"end":{"line":91,"column":7}},"type":"if","locations":[{"start":{"line":89,"column":6},"end":{"line":91,"column":7}},{"start":{},"end":{}}]},"3":{"loc":{"start":{"line":112,"column":6},"end":{"line":114,"column":7}},"type":"if","locations":[{"start":{"line":112,"column":6},"end":{"line":114,"column":7}},{"start":{},"end":{}}]},"4":{"loc":{"start":{"line":116,"column":6},"end":{"line":118,"column":7}},"type":"if","locations":[{"start":{"line":116,"column":6},"end":{"line":118,"column":7}},{"start":{},"end":{}}]},"5":{"loc":{"start":{"line":144,"column":6},"end":{"line":146,"column":7}},"type":"if","locations":[{"start":{"line":144,"column":6},"end":{"line":146,"column":7}},{"start":{},"end":{}}]},"6":{"loc":{"start":{"line":148,"column":6},"end":{"line":150,"column":7}},"type":"if","locations":[{"start":{"line":148,"column":6},"end":{"line":150,"column":7}},{"start":{},"end":{}}]}},"s":{"0":1,"1":1,"2":1,"3":5,"4":5,"5":5,"6":5,"7":2,"8":2,"9":3,"10":1,"11":2,"12":1,"13":1,"14":1,"15":3,"16":3,"17":3,"18":3,"19":3,"20":2,"21":2,"22":2,"23":1,"24":1,"25":3,"26":3,"27":3,"28":2,"29":1,"30":1,"31":1,"32":1,"33":1,"34":4,"35":4,"36":4,"37":4,"38":3,"39":1,"40":2,"41":1,"42":1,"43":1,"44":1,"45":1,"46":1,"47":1,"48":4,"49":4,"50":4,"51":3,"52":1,"53":2,"54":1,"55":1,"56":1,"57":1,"58":1,"59":3,"60":3,"61":3,"62":2,"63":1,"64":1,"65":3,"66":3,"67":3,"68":2,"69":1,"70":1},"f":{"0":1,"1":5,"2":3,"3":2,"4":3,"5":4,"6":4,"7":3,"8":3},"b":{"0":[1,2],"1":[1,1],"2":[1,1],"3":[1,2],"4":[1,1],"5":[1,2],"6":[1,1]}}
,"/Users/I750248/IdeaProjects/students-platform/students-platform/backend/src/modules/comment/comment.model.ts": {"path":"/Users/I750248/IdeaProjects/students-platform/students-platform/backend/src/modules/comment/comment.model.ts","statementMap":{"0":{"start":{"line":1,"column":0},"end":{"line":1,"column":null}},"1":{"start":{"line":9,"column":22},"end":{"line":17,"column":null}},"2":{"start":{"line":25,"column":0},"end":{"line":25,"column":38}},"3":{"start":{"line":28,"column":13},"end":{"line":28,"column":85}}},"fnMap":{},"branchMap":{},"s":{"0":4,"1":4,"2":4,"3":4},"f":{},"b":{}}
,"/Users/I750248/IdeaProjects/students-platform/students-platform/backend/src/modules/comment/comment.routes.ts": {"path":"/Users/I750248/IdeaProjects/students-platform/students-platform/backend/src/modules/comment/comment.routes.ts","statementMap":{"0":{"start":{"line":1,"column":0},"end":{"line":1,"column":33}},"1":{"start":{"line":2,"column":0},"end":{"line":2,"column":57}},"2":{"start":{"line":3,"column":0},"end":{"line":3,"column":73}},"3":{"start":{"line":4,"column":0},"end":{"line":4,"column":null}},"4":{"start":{"line":12,"column":15},"end":{"line":12,"column":23}},"5":{"start":{"line":15,"column":0},"end":{"line":20,"column":2}},"6":{"start":{"line":22,"column":0},"end":{"line":27,"column":2}},"7":{"start":{"line":30,"column":0},"end":{"line":34,"column":2}},"8":{"start":{"line":37,"column":0},"end":{"line":41,"column":2}},"9":{"start":{"line":44,"column":0},"end":{"line":48,"column":2}},"10":{"start":{"line":51,"column":0},"end":{"line":57,"column":2}},"11":{"start":{"line":60,"column":0},"end":{"line":65,"column":2}},"12":{"start":{"line":67,"column":0},"end":{"line":67,"column":22}}},"fnMap":{},"branchMap":{},"s":{"0":0,"1":0,"2":0,"3":0,"4":0,"5":0,"6":0,"7":0,"8":0,"9":0,"10":0,"11":0,"12":0},"f":{},"b":{}}
,"/Users/I750248/IdeaProjects/students-platform/students-platform/backend/src/modules/comment/comment.service.ts": {"path":"/Users/I750248/IdeaProjects/students-platform/students-platform/backend/src/modules/comment/comment.service.ts","statementMap":{"0":{"start":{"line":1,"column":0},"end":{"line":1,"column":64}},"1":{"start":{"line":2,"column":0},"end":{"line":2,"column":47}},"2":{"start":{"line":35,"column":23},"end":{"line":35,"column":67}},"3":{"start":{"line":36,"column":4},"end":{"line":38,"column":5}},"4":{"start":{"line":37,"column":6},"end":{"line":37,"column":40}},"5":{"start":{"line":41,"column":4},"end":{"line":46,"column":5}},"6":{"start":{"line":42,"column":27},"end":{"line":42,"column":83}},"7":{"start":{"line":43,"column":6},"end":{"line":45,"column":7}},"8":{"start":{"line":44,"column":8},"end":{"line":44,"column":52}},"9":{"start":{"line":48,"column":20},"end":{"line":53,"column":6}},"10":{"start":{"line":55,"column":4},"end":{"line":55,"column":26}},"11":{"start":{"line":59,"column":4},"end":{"line":62,"column":14}},"12":{"start":{"line":66,"column":69},"end":{"line":66,"column":73}},"13":{"start":{"line":68,"column":23},"end":{"line":68,"column":39}},"14":{"start":{"line":70,"column":4},"end":{"line":74,"column":5}},"15":{"start":{"line":71,"column":6},"end":{"line":71,"column":33}},"16":{"start":{"line":72,"column":11},"end":{"line":74,"column":5}},"17":{"start":{"line":73,"column":6},"end":{"line":73,"column":44}},"18":{"start":{"line":76,"column":17},"end":{"line":76,"column":35}},"19":{"start":{"line":78,"column":30},"end":{"line":86,"column":6}},"20":{"start":{"line":88,"column":4},"end":{"line":88,"column":44}},"21":{"start":{"line":92,"column":20},"end":{"line":98,"column":13}},"22":{"start":{"line":100,"column":4},"end":{"line":100,"column":19}},"23":{"start":{"line":104,"column":4},"end":{"line":104,"column":52}},"24":{"start":{"line":106,"column":4},"end":{"line":106,"column":64}},"25":{"start":{"line":110,"column":4},"end":{"line":110,"column":57}},"26":{"start":{"line":114,"column":4},"end":{"line":114,"column":69}},"27":{"start":{"line":118,"column":4},"end":{"line":118,"column":48}},"28":{"start":{"line":122,"column":4},"end":{"line":130,"column":6}},"29":{"start":{"line":32,"column":0},"end":{"line":32,"column":13}},"30":{"start":{"line":134,"column":13},"end":{"line":134,"column":51}}},"fnMap":{"0":{"name":"(anonymous_0)","decl":{"start":{"line":33,"column":2},"end":{"line":33,"column":7}},"loc":{"start":{"line":33,"column":44},"end":{"line":56,"column":3}}},"1":{"name":"(anonymous_1)","decl":{"start":{"line":58,"column":2},"end":{"line":58,"column":7}},"loc":{"start":{"line":58,"column":40},"end":{"line":63,"column":3}}},"2":{"name":"(anonymous_2)","decl":{"start":{"line":65,"column":2},"end":{"line":65,"column":7}},"loc":{"start":{"line":65,"column":46},"end":{"line":89,"column":3}}},"3":{"name":"(anonymous_3)","decl":{"start":{"line":91,"column":2},"end":{"line":91,"column":7}},"loc":{"start":{"line":91,"column":63},"end":{"line":101,"column":3}}},"4":{"name":"(anonymous_4)","decl":{"start":{"line":103,"column":2},"end":{"line":103,"column":7}},"loc":{"start":{"line":103,"column":39},"end":{"line":107,"column":3}}},"5":{"name":"(anonymous_5)","decl":{"start":{"line":109,"column":2},"end":{"line":109,"column":7}},"loc":{"start":{"line":109,"column":38},"end":{"line":111,"column":3}}},"6":{"name":"(anonymous_6)","decl":{"start":{"line":113,"column":2},"end":{"line":113,"column":7}},"loc":{"start":{"line":113,"column":41},"end":{"line":115,"column":3}}},"7":{"name":"(anonymous_7)","decl":{"start":{"line":117,"column":2},"end":{"line":117,"column":24}},"loc":{"start":{"line":117,"column":60},"end":{"line":119,"column":3}}},"8":{"name":"(anonymous_8)","decl":{"start":{"line":121,"column":2},"end":{"line":121,"column":15}},"loc":{"start":{"line":121,"column":35},"end":{"line":131,"column":3}}}},"branchMap":{"0":{"loc":{"start":{"line":36,"column":4},"end":{"line":38,"column":5}},"type":"if","locations":[{"start":{"line":36,"column":4},"end":{"line":38,"column":5}},{"start":{},"end":{}}]},"1":{"loc":{"start":{"line":41,"column":4},"end":{"line":46,"column":5}},"type":"if","locations":[{"start":{"line":41,"column":4},"end":{"line":46,"column":5}},{"start":{},"end":{}}]},"2":{"loc":{"start":{"line":43,"column":6},"end":{"line":45,"column":7}},"type":"if","locations":[{"start":{"line":43,"column":6},"end":{"line":45,"column":7}},{"start":{},"end":{}}]},"3":{"loc":{"start":{"line":52,"column":21},"end":{"line":52,"column":49}},"type":"binary-expr","locations":[{"start":{"line":52,"column":21},"end":{"line":52,"column":41}},{"start":{"line":52,"column":45},"end":{"line":52,"column":49}}]},"4":{"loc":{"start":{"line":66,"column":20},"end":{"line":66,"column":28}},"type":"default-arg","locations":[{"start":{"line":66,"column":27},"end":{"line":66,"column":28}}]},"5":{"loc":{"start":{"line":66,"column":30},"end":{"line":66,"column":40}},"type":"default-arg","locations":[{"start":{"line":66,"column":38},"end":{"line":66,"column":40}}]},"6":{"loc":{"start":{"line":66,"column":42},"end":{"line":66,"column":64}},"type":"default-arg","locations":[{"start":{"line":66,"column":60},"end":{"line":66,"column":64}}]},"7":{"loc":{"start":{"line":70,"column":4},"end":{"line":74,"column":5}},"type":"if","locations":[{"start":{"line":70,"column":4},"end":{"line":74,"column":5}},{"start":{"line":72,"column":11},"end":{"line":74,"column":5}}]},"8":{"loc":{"start":{"line":72,"column":11},"end":{"line":74,"column":5}},"type":"if","locations":[{"start":{"line":72,"column":11},"end":{"line":74,"column":5}},{"start":{},"end":{}}]},"9":{"loc":{"start":{"line":127,"column":23},"end":{"line":127,"column":86}},"type":"cond-expr","locations":[{"start":{"line":127,"column":47},"end":{"line":127,"column":79}},{"start":{"line":127,"column":82},"end":{"line":127,"column":86}}]}},"s":{"0":2,"1":2,"2":5,"3":5,"4":1,"5":4,"6":2,"7":2,"8":1,"9":3,"10":3,"11":2,"12":4,"13":4,"14":4,"15":3,"16":1,"17":1,"18":4,"19":4,"20":4,"21":3,"22":3,"23":1,"24":1,"25":2,"26":2,"27":2,"28":2,"29":2,"30":2},"f":{"0":5,"1":2,"2":4,"3":3,"4":1,"5":2,"6":2,"7":2,"8":2},"b":{"0":[1,4],"1":[2,2],"2":[1,1],"3":[3,2],"4":[2],"5":[2],"6":[2],"7":[3,1],"8":[1,0],"9":[1,1]}}
,"/Users/I750248/IdeaProjects/students-platform/students-platform/backend/src/modules/comment/comment.validation.ts": {"path":"/Users/I750248/IdeaProjects/students-platform/students-platform/backend/src/modules/comment/comment.validation.ts","statementMap":{"0":{"start":{"line":4,"column":0},"end":{"line":4,"column":16}},"1":{"start":{"line":10,"column":0},"end":{"line":10,"column":16}},"2":{"start":{"line":16,"column":0},"end":{"line":16,"column":16}},"3":{"start":{"line":5,"column":2},"end":{"line":5,"column":29}},"4":{"start":{"line":5,"column":16},"end":{"line":5,"column":29}},"5":{"start":{"line":6,"column":25},"end":{"line":6,"column":39}},"6":{"start":{"line":7,"column":2},"end":{"line":7,"column":68}},"7":{"start":{"line":11,"column":2},"end":{"line":11,"column":24}},"8":{"start":{"line":11,"column":11},"end":{"line":11,"column":24}},"9":{"start":{"line":13,"column":2},"end":{"line":13,"column":38}},"10":{"start":{"line":17,"column":15},"end":{"line":17,"column":45}},"11":{"start":{"line":18,"column":16},"end":{"line":18,"column":48}},"12":{"start":{"line":20,"column":2},"end":{"line":23,"column":4}},"13":{"start":{"line":27,"column":37},"end":{"line":49,"column":1}},"14":{"start":{"line":32,"column":47},"end":{"line":32,"column":55}},"15":{"start":{"line":34,"column":2},"end":{"line":36,"column":3}},"16":{"start":{"line":35,"column":4},"end":{"line":35,"column":64}},"17":{"start":{"line":38,"column":2},"end":{"line":42,"column":3}},"18":{"start":{"line":39,"column":4},"end":{"line":41,"column":7}},"19":{"start":{"line":44,"column":2},"end":{"line":46,"column":3}},"20":{"start":{"line":45,"column":4},"end":{"line":45,"column":74}},"21":{"start":{"line":48,"column":2},"end":{"line":48,"column":9}},"22":{"start":{"line":27,"column":13},"end":{"line":27,"column":37}},"23":{"start":{"line":51,"column":37},"end":{"line":65,"column":1}},"24":{"start":{"line":56,"column":22},"end":{"line":56,"column":30}},"25":{"start":{"line":58,"column":2},"end":{"line":62,"column":3}},"26":{"start":{"line":59,"column":4},"end":{"line":61,"column":7}},"27":{"start":{"line":64,"column":2},"end":{"line":64,"column":9}},"28":{"start":{"line":51,"column":13},"end":{"line":51,"column":37}},"29":{"start":{"line":67,"column":33},"end":{"line":79,"column":1}},"30":{"start":{"line":72,"column":24},"end":{"line":72,"column":34}},"31":{"start":{"line":74,"column":2},"end":{"line":76,"column":3}},"32":{"start":{"line":75,"column":4},"end":{"line":75,"column":67}},"33":{"start":{"line":78,"column":2},"end":{"line":78,"column":9}},"34":{"start":{"line":67,"column":13},"end":{"line":67,"column":33}},"35":{"start":{"line":81,"column":30},"end":{"line":93,"column":1}},"36":{"start":{"line":86,"column":21},"end":{"line":86,"column":31}},"37":{"start":{"line":88,"column":2},"end":{"line":90,"column":3}},"38":{"start":{"line":89,"column":4},"end":{"line":89,"column":64}},"39":{"start":{"line":92,"column":2},"end":{"line":92,"column":9}},"40":{"start":{"line":81,"column":13},"end":{"line":81,"column":30}},"41":{"start":{"line":95,"column":39},"end":{"line":107,"column":1}},"42":{"start":{"line":100,"column":30},"end":{"line":100,"column":39}},"43":{"start":{"line":102,"column":2},"end":{"line":104,"column":3}},"44":{"start":{"line":103,"column":4},"end":{"line":103,"column":74}},"45":{"start":{"line":106,"column":2},"end":{"line":106,"column":9}},"46":{"start":{"line":95,"column":13},"end":{"line":95,"column":39}}},"fnMap":{"0":{"name":"validateCommentContent","decl":{"start":{"line":4,"column":16},"end":{"line":4,"column":38}},"loc":{"start":{"line":4,"column":55},"end":{"line":8,"column":1}}},"1":{"name":"validateObjectId","decl":{"start":{"line":10,"column":16},"end":{"line":10,"column":32}},"loc":{"start":{"line":10,"column":44},"end":{"line":14,"column":1}}},"2":{"name":"parsePaginationParams","decl":{"start":{"line":16,"column":16},"end":{"line":16,"column":37}},"loc":{"start":{"line":16,"column":77},"end":{"line":24,"column":1}}},"3":{"name":"(anonymous_3)","decl":{"start":{"line":27,"column":37},"end":{"line":27,"column":null}},"loc":{"start":{"line":31,"column":4},"end":{"line":49,"column":1}}},"4":{"name":"(anonymous_4)","decl":{"start":{"line":51,"column":37},"end":{"line":51,"column":null}},"loc":{"start":{"line":55,"column":4},"end":{"line":65,"column":1}}},"5":{"name":"(anonymous_5)","decl":{"start":{"line":67,"column":33},"end":{"line":67,"column":null}},"loc":{"start":{"line":71,"column":4},"end":{"line":79,"column":1}}},"6":{"name":"(anonymous_6)","decl":{"start":{"line":81,"column":30},"end":{"line":81,"column":null}},"loc":{"start":{"line":85,"column":4},"end":{"line":93,"column":1}}},"7":{"name":"(anonymous_7)","decl":{"start":{"line":95,"column":39},"end":{"line":95,"column":null}},"loc":{"start":{"line":99,"column":4},"end":{"line":107,"column":1}}}},"branchMap":{"0":{"loc":{"start":{"line":5,"column":2},"end":{"line":5,"column":29}},"type":"if","locations":[{"start":{"line":5,"column":2},"end":{"line":5,"column":29}},{"start":{},"end":{}}]},"1":{"loc":{"start":{"line":7,"column":9},"end":{"line":7,"column":67}},"type":"binary-expr","locations":[{"start":{"line":7,"column":9},"end":{"line":7,"column":34}},{"start":{"line":7,"column":38},"end":{"line":7,"column":67}}]},"2":{"loc":{"start":{"line":11,"column":2},"end":{"line":11,"column":24}},"type":"if","locations":[{"start":{"line":11,"column":2},"end":{"line":11,"column":24}},{"start":{},"end":{}}]},"3":{"loc":{"start":{"line":17,"column":24},"end":{"line":17,"column":40}},"type":"binary-expr","locations":[{"start":{"line":17,"column":24},"end":{"line":17,"column":33}},{"start":{"line":17,"column":37},"end":{"line":17,"column":40}}]},"4":{"loc":{"start":{"line":18,"column":25},"end":{"line":18,"column":43}},"type":"binary-expr","locations":[{"start":{"line":18,"column":25},"end":{"line":18,"column":35}},{"start":{"line":18,"column":39},"end":{"line":18,"column":43}}]},"5":{"loc":{"start":{"line":21,"column":10},"end":{"line":21,"column":45}},"type":"cond-expr","locations":[{"start":{"line":21,"column":37},"end":{"line":21,"column":41}},{"start":{"line":21,"column":44},"end":{"line":21,"column":45}}]},"6":{"loc":{"start":{"line":21,"column":10},"end":{"line":21,"column":34}},"type":"binary-expr","locations":[{"start":{"line":21,"column":10},"end":{"line":21,"column":22}},{"start":{"line":21,"column":26},"end":{"line":21,"column":34}}]},"7":{"loc":{"start":{"line":22,"column":11},"end":{"line":22,"column":66}},"type":"cond-expr","locations":[{"start":{"line":22,"column":56},"end":{"line":22,"column":61}},{"start":{"line":22,"column":64},"end":{"line":22,"column":66}}]},"8":{"loc":{"start":{"line":22,"column":11},"end":{"line":22,"column":53}},"type":"binary-expr","locations":[{"start":{"line":22,"column":11},"end":{"line":22,"column":24}},{"start":{"line":22,"column":28},"end":{"line":22,"column":37}},{"start":{"line":22,"column":41},"end":{"line":22,"column":53}}]},"9":{"loc":{"start":{"line":34,"column":2},"end":{"line":36,"column":3}},"type":"if","locations":[{"start":{"line":34,"column":2},"end":{"line":36,"column":3}},{"start":{},"end":{}}]},"10":{"loc":{"start":{"line":38,"column":2},"end":{"line":42,"column":3}},"type":"if","locations":[{"start":{"line":38,"column":2},"end":{"line":42,"column":3}},{"start":{},"end":{}}]},"11":{"loc":{"start":{"line":44,"column":2},"end":{"line":46,"column":3}},"type":"if","locations":[{"start":{"line":44,"column":2},"end":{"line":46,"column":3}},{"start":{},"end":{}}]},"12":{"loc":{"start":{"line":44,"column":6},"end":{"line":44,"column":59}},"type":"binary-expr","locations":[{"start":{"line":44,"column":6},"end":{"line":44,"column":21}},{"start":{"line":44,"column":25},"end":{"line":44,"column":59}}]},"13":{"loc":{"start":{"line":58,"column":2},"end":{"line":62,"column":3}},"type":"if","locations":[{"start":{"line":58,"column":2},"end":{"line":62,"column":3}},{"start":{},"end":{}}]},"14":{"loc":{"start":{"line":74,"column":2},"end":{"line":76,"column":3}},"type":"if","locations":[{"start":{"line":74,"column":2},"end":{"line":76,"column":3}},{"start":{},"end":{}}]},"15":{"loc":{"start":{"line":88,"column":2},"end":{"line":90,"column":3}},"type":"if","locations":[{"start":{"line":88,"column":2},"end":{"line":90,"column":3}},{"start":{},"end":{}}]},"16":{"loc":{"start":{"line":102,"column":2},"end":{"line":104,"column":3}},"type":"if","locations":[{"start":{"line":102,"column":2},"end":{"line":104,"column":3}},{"start":{},"end":{}}]},"17":{"loc":{"start":{"line":102,"column":6},"end":{"line":102,"column":69}},"type":"binary-expr","locations":[{"start":{"line":102,"column":6},"end":{"line":102,"column":21}},{"start":{"line":102,"column":25},"end":{"line":102,"column":69}}]}},"s":{"0":2,"1":2,"2":2,"3":11,"4":2,"5":9,"6":9,"7":11,"8":2,"9":9,"10":18,"11":18,"12":18,"13":2,"14":0,"15":0,"16":0,"17":0,"18":0,"19":0,"20":0,"21":0,"22":2,"23":2,"24":0,"25":0,"26":0,"27":0,"28":2,"29":2,"30":0,"31":0,"32":0,"33":0,"34":2,"35":2,"36":0,"37":0,"38":0,"39":0,"40":2,"41":2,"42":0,"43":0,"44":0,"45":0,"46":2},"f":{"0":11,"1":11,"2":18,"3":0,"4":0,"5":0,"6":0,"7":0},"b":{"0":[2,9],"1":[9,8],"2":[2,9],"3":[18,3],"4":[18,3],"5":[15,3],"6":[18,17],"7":[13,5],"8":[18,17,15],"9":[0,0],"10":[0,0],"11":[0,0],"12":[0,0],"13":[0,0],"14":[0,0],"15":[0,0],"16":[0,0],"17":[0,0]}}
,"/Users/I750248/IdeaProjects/students-platform/students-platform/backend/src/modules/like/like.constants.ts": {"path":"/Users/I750248/IdeaProjects/students-platform/students-platform/backend/src/modules/like/like.constants.ts","statementMap":{"0":{"start":{"line":1,"column":13},"end":{"line":6,"column":11}}},"fnMap":{},"branchMap":{},"s":{"0":3},"f":{},"b":{}}
,"/Users/I750248/IdeaProjects/students-platform/students-platform/backend/src/modules/like/like.controller.ts": {"path":"/Users/I750248/IdeaProjects/students-platform/students-platform/backend/src/modules/like/like.controller.ts","statementMap":{"0":{"start":{"line":3,"column":0},"end":{"line":3,"column":45}},"1":{"start":{"line":4,"column":0},"end":{"line":4,"column":46}},"2":{"start":{"line":5,"column":0},"end":{"line":5,"column":39}},"3":{"start":{"line":9,"column":2},"end":{"line":38,"column":4}},"4":{"start":{"line":14,"column":4},"end":{"line":37,"column":5}},"5":{"start":{"line":15,"column":19},"end":{"line":19,"column":8}},"6":{"start":{"line":21,"column":23},"end":{"line":21,"column":50}},"7":{"start":{"line":23,"column":6},"end":{"line":26,"column":9}},"8":{"start":{"line":28,"column":6},"end":{"line":35,"column":7}},"9":{"start":{"line":29,"column":8},"end":{"line":34,"column":9}},"10":{"start":{"line":31,"column":12},"end":{"line":31,"column":73}},"11":{"start":{"line":33,"column":12},"end":{"line":33,"column":84}},"12":{"start":{"line":36,"column":6},"end":{"line":36,"column":23}},"13":{"start":{"line":40,"column":2},"end":{"line":63,"column":4}},"14":{"start":{"line":45,"column":4},"end":{"line":62,"column":5}},"15":{"start":{"line":46,"column":43},"end":{"line":46,"column":53}},"16":{"start":{"line":48,"column":6},"end":{"line":52,"column":9}},"17":{"start":{"line":54,"column":6},"end":{"line":56,"column":9}},"18":{"start":{"line":58,"column":6},"end":{"line":60,"column":7}},"19":{"start":{"line":59,"column":8},"end":{"line":59,"column":67}},"20":{"start":{"line":61,"column":6},"end":{"line":61,"column":23}},"21":{"start":{"line":65,"column":2},"end":{"line":85,"column":4}},"22":{"start":{"line":70,"column":4},"end":{"line":84,"column":5}},"23":{"start":{"line":71,"column":43},"end":{"line":71,"column":53}},"24":{"start":{"line":73,"column":23},"end":{"line":77,"column":8}},"25":{"start":{"line":79,"column":6},"end":{"line":81,"column":9}},"26":{"start":{"line":83,"column":6},"end":{"line":83,"column":23}},"27":{"start":{"line":87,"column":2},"end":{"line":108,"column":4}},"28":{"start":{"line":92,"column":4},"end":{"line":107,"column":5}},"29":{"start":{"line":93,"column":43},"end":{"line":93,"column":53}},"30":{"start":{"line":95,"column":20},"end":{"line":98,"column":8}},"31":{"start":{"line":99,"column":24},"end":{"line":99,"column":53}},"32":{"start":{"line":101,"column":6},"end":{"line":104,"column":9}},"33":{"start":{"line":106,"column":6},"end":{"line":106,"column":23}},"34":{"start":{"line":110,"column":2},"end":{"line":126,"column":4}},"35":{"start":{"line":115,"column":4},"end":{"line":125,"column":5}},"36":{"start":{"line":116,"column":20},"end":{"line":116,"column":78}},"37":{"start":{"line":117,"column":24},"end":{"line":117,"column":53}},"38":{"start":{"line":119,"column":6},"end":{"line":122,"column":9}},"39":{"start":{"line":124,"column":6},"end":{"line":124,"column":23}},"40":{"start":{"line":129,"column":13},"end":{"line":129,"column":51}}},"fnMap":{"0":{"name":"(anonymous_0)","decl":{"start":{"line":8,"column":0},"end":{"line":8,"column":6}},"loc":{"start":{"line":8,"column":0},"end":{"line":127,"column":1}}},"1":{"name":"(anonymous_1)","decl":{"start":{"line":9,"column":9},"end":{"line":9,"column":14}},"loc":{"start":{"line":13,"column":6},"end":{"line":38,"column":3}}},"2":{"name":"(anonymous_2)","decl":{"start":{"line":40,"column":11},"end":{"line":40,"column":16}},"loc":{"start":{"line":44,"column":6},"end":{"line":63,"column":3}}},"3":{"name":"(anonymous_3)","decl":{"start":{"line":65,"column":20},"end":{"line":65,"column":25}},"loc":{"start":{"line":69,"column":6},"end":{"line":85,"column":3}}},"4":{"name":"(anonymous_4)","decl":{"start":{"line":87,"column":21},"end":{"line":87,"column":26}},"loc":{"start":{"line":91,"column":6},"end":{"line":108,"column":3}}},"5":{"name":"(anonymous_5)","decl":{"start":{"line":110,"column":17},"end":{"line":110,"column":22}},"loc":{"start":{"line":114,"column":6},"end":{"line":126,"column":3}}}},"branchMap":{"0":{"loc":{"start":{"line":28,"column":6},"end":{"line":35,"column":7}},"type":"if","locations":[{"start":{"line":28,"column":6},"end":{"line":35,"column":7}},{"start":{},"end":{}}]},"1":{"loc":{"start":{"line":29,"column":8},"end":{"line":34,"column":9}},"type":"switch","locations":[{"start":{"line":30,"column":10},"end":{"line":31,"column":73}},{"start":{"line":32,"column":10},"end":{"line":33,"column":84}}]},"2":{"loc":{"start":{"line":58,"column":6},"end":{"line":60,"column":7}},"type":"if","locations":[{"start":{"line":58,"column":6},"end":{"line":60,"column":7}},{"start":{},"end":{}}]},"3":{"loc":{"start":{"line":58,"column":10},"end":{"line":58,"column":75}},"type":"binary-expr","locations":[{"start":{"line":58,"column":10},"end":{"line":58,"column":30}},{"start":{"line":58,"column":34},"end":{"line":58,"column":75}}]}},"s":{"0":1,"1":1,"2":1,"3":1,"4":3,"5":3,"6":1,"7":1,"8":2,"9":2,"10":1,"11":1,"12":0,"13":1,"14":2,"15":2,"16":2,"17":1,"18":1,"19":1,"20":0,"21":1,"22":2,"23":2,"24":2,"25":2,"26":0,"27":1,"28":1,"29":1,"30":1,"31":1,"32":1,"33":0,"34":1,"35":1,"36":1,"37":1,"38":1,"39":0,"40":1},"f":{"0":1,"1":3,"2":2,"3":2,"4":1,"5":1},"b":{"0":[2,0],"1":[1,1],"2":[1,0],"3":[1,1]}}
,"/Users/I750248/IdeaProjects/students-platform/students-platform/backend/src/modules/like/like.model.ts": {"path":"/Users/I750248/IdeaProjects/students-platform/students-platform/backend/src/modules/like/like.model.ts","statementMap":{"0":{"start":{"line":1,"column":0},"end":{"line":1,"column":null}},"1":{"start":{"line":11,"column":19},"end":{"line":28,"column":null}},"2":{"start":{"line":32,"column":0},"end":{"line":32,"column":78}},"3":{"start":{"line":35,"column":0},"end":{"line":35,"column":51}},"4":{"start":{"line":38,"column":0},"end":{"line":38,"column":30}},"5":{"start":{"line":43,"column":13},"end":{"line":43,"column":70}}},"fnMap":{},"branchMap":{},"s":{"0":2,"1":2,"2":2,"3":2,"4":2,"5":2},"f":{},"b":{}}
,"/Users/I750248/IdeaProjects/students-platform/students-platform/backend/src/modules/like/like.routes.ts": {"path":"/Users/I750248/IdeaProjects/students-platform/students-platform/backend/src/modules/like/like.routes.ts","statementMap":{"0":{"start":{"line":1,"column":0},"end":{"line":1,"column":33}},"1":{"start":{"line":2,"column":0},"end":{"line":2,"column":51}},"2":{"start":{"line":3,"column":0},"end":{"line":3,"column":73}},"3":{"start":{"line":4,"column":0},"end":{"line":4,"column":null}},"4":{"start":{"line":10,"column":15},"end":{"line":10,"column":23}},"5":{"start":{"line":12,"column":0},"end":{"line":12,"column":74}},"6":{"start":{"line":14,"column":0},"end":{"line":20,"column":2}},"7":{"start":{"line":22,"column":0},"end":{"line":28,"column":2}},"8":{"start":{"line":30,"column":0},"end":{"line":35,"column":2}},"9":{"start":{"line":37,"column":0},"end":{"line":37,"column":68}},"10":{"start":{"line":39,"column":0},"end":{"line":39,"column":22}}},"fnMap":{},"branchMap":{},"s":{"0":0,"1":0,"2":0,"3":0,"4":0,"5":0,"6":0,"7":0,"8":0,"9":0,"10":0},"f":{},"b":{}}
,"/Users/I750248/IdeaProjects/students-platform/students-platform/backend/src/modules/like/like.service.ts": {"path":"/Users/I750248/IdeaProjects/students-platform/students-platform/backend/src/modules/like/like.service.ts","statementMap":{"0":{"start":{"line":1,"column":0},"end":{"line":1,"column":55}},"1":{"start":{"line":3,"column":0},"end":{"line":3,"column":46}},"2":{"start":{"line":4,"column":0},"end":{"line":4,"column":47}},"3":{"start":{"line":5,"column":0},"end":{"line":5,"column":56}},"4":{"start":{"line":6,"column":0},"end":{"line":6,"column":41}},"5":{"start":{"line":10,"column":19},"end":{"line":10,"column":53}},"6":{"start":{"line":11,"column":4},"end":{"line":13,"column":5}},"7":{"start":{"line":12,"column":6},"end":{"line":12,"column":49}},"8":{"start":{"line":15,"column":18},"end":{"line":17,"column":14}},"9":{"start":{"line":19,"column":25},"end":{"line":19,"column":55}},"10":{"start":{"line":21,"column":4},"end":{"line":23,"column":5}},"11":{"start":{"line":22,"column":6},"end":{"line":22,"column":48}},"12":{"start":{"line":25,"column":21},"end":{"line":27,"column":14}},"13":{"start":{"line":29,"column":17},"end":{"line":29,"column":40}},"14":{"start":{"line":30,"column":4},"end":{"line":30,"column":22}},"15":{"start":{"line":32,"column":4},"end":{"line":32,"column":40}},"16":{"start":{"line":34,"column":4},"end":{"line":34,"column":16}},"17":{"start":{"line":38,"column":18},"end":{"line":40,"column":14}},"18":{"start":{"line":42,"column":17},"end":{"line":42,"column":56}},"19":{"start":{"line":44,"column":4},"end":{"line":46,"column":5}},"20":{"start":{"line":45,"column":6},"end":{"line":45,"column":49}},"21":{"start":{"line":48,"column":4},"end":{"line":48,"column":40}},"22":{"start":{"line":52,"column":18},"end":{"line":54,"column":14}},"23":{"start":{"line":56,"column":17},"end":{"line":56,"column":47}},"24":{"start":{"line":58,"column":4},"end":{"line":58,"column":18}},"25":{"start":{"line":62,"column":18},"end":{"line":64,"column":14}},"26":{"start":{"line":66,"column":4},"end":{"line":69,"column":14}},"27":{"start":{"line":73,"column":18},"end":{"line":75,"column":14}},"28":{"start":{"line":77,"column":4},"end":{"line":79,"column":14}},"29":{"start":{"line":83,"column":4},"end":{"line":90,"column":5}},"30":{"start":{"line":85,"column":8},"end":{"line":85,"column":51}},"31":{"start":{"line":87,"column":8},"end":{"line":87,"column":54}},"32":{"start":{"line":89,"column":8},"end":{"line":89,"column":20}},"33":{"start":{"line":94,"column":4},"end":{"line":101,"column":5}},"34":{"start":{"line":96,"column":8},"end":{"line":96,"column":87}},"35":{"start":{"line":97,"column":8},"end":{"line":97,"column":14}},"36":{"start":{"line":99,"column":8},"end":{"line":99,"column":90}},"37":{"start":{"line":100,"column":8},"end":{"line":100,"column":14}},"38":{"start":{"line":105,"column":4},"end":{"line":112,"column":5}},"39":{"start":{"line":107,"column":8},"end":{"line":107,"column":88}},"40":{"start":{"line":108,"column":8},"end":{"line":108,"column":14}},"41":{"start":{"line":110,"column":8},"end":{"line":110,"column":91}},"42":{"start":{"line":111,"column":8},"end":{"line":111,"column":14}},"43":{"start":{"line":8,"column":0},"end":{"line":8,"column":13}},"44":{"start":{"line":116,"column":13},"end":{"line":116,"column":45}}},"fnMap":{"0":{"name":"(anonymous_0)","decl":{"start":{"line":9,"column":2},"end":{"line":9,"column":7}},"loc":{"start":{"line":9,"column":32},"end":{"line":35,"column":3}}},"1":{"name":"(anonymous_1)","decl":{"start":{"line":37,"column":2},"end":{"line":37,"column":7}},"loc":{"start":{"line":37,"column":33},"end":{"line":49,"column":3}}},"2":{"name":"(anonymous_2)","decl":{"start":{"line":51,"column":2},"end":{"line":51,"column":7}},"loc":{"start":{"line":51,"column":39},"end":{"line":59,"column":3}}},"3":{"name":"(anonymous_3)","decl":{"start":{"line":61,"column":2},"end":{"line":61,"column":7}},"loc":{"start":{"line":61,"column":43},"end":{"line":70,"column":3}}},"4":{"name":"(anonymous_4)","decl":{"start":{"line":72,"column":2},"end":{"line":72,"column":7}},"loc":{"start":{"line":72,"column":41},"end":{"line":80,"column":3}}},"5":{"name":"(anonymous_5)","decl":{"start":{"line":82,"column":10},"end":{"line":82,"column":15}},"loc":{"start":{"line":82,"column":52},"end":{"line":91,"column":3}}},"6":{"name":"(anonymous_6)","decl":{"start":{"line":93,"column":10},"end":{"line":93,"column":15}},"loc":{"start":{"line":93,"column":53},"end":{"line":102,"column":3}}},"7":{"name":"(anonymous_7)","decl":{"start":{"line":104,"column":10},"end":{"line":104,"column":15}},"loc":{"start":{"line":104,"column":53},"end":{"line":113,"column":3}}}},"branchMap":{"0":{"loc":{"start":{"line":11,"column":4},"end":{"line":13,"column":5}},"type":"if","locations":[{"start":{"line":11,"column":4},"end":{"line":13,"column":5}},{"start":{},"end":{}}]},"1":{"loc":{"start":{"line":21,"column":4},"end":{"line":23,"column":5}},"type":"if","locations":[{"start":{"line":21,"column":4},"end":{"line":23,"column":5}},{"start":{},"end":{}}]},"2":{"loc":{"start":{"line":44,"column":4},"end":{"line":46,"column":5}},"type":"if","locations":[{"start":{"line":44,"column":4},"end":{"line":46,"column":5}},{"start":{},"end":{}}]},"3":{"loc":{"start":{"line":83,"column":4},"end":{"line":90,"column":5}},"type":"switch","locations":[{"start":{"line":84,"column":6},"end":{"line":85,"column":51}},{"start":{"line":86,"column":6},"end":{"line":87,"column":54}},{"start":{"line":88,"column":6},"end":{"line":89,"column":20}}]},"4":{"loc":{"start":{"line":94,"column":4},"end":{"line":101,"column":5}},"type":"switch","locations":[{"start":{"line":95,"column":6},"end":{"line":97,"column":14}},{"start":{"line":98,"column":6},"end":{"line":100,"column":14}}]},"5":{"loc":{"start":{"line":105,"column":4},"end":{"line":112,"column":5}},"type":"switch","locations":[{"start":{"line":106,"column":6},"end":{"line":108,"column":14}},{"start":{"line":109,"column":6},"end":{"line":111,"column":14}}]}},"s":{"0":2,"1":2,"2":2,"3":2,"4":2,"5":4,"6":4,"7":1,"8":3,"9":3,"10":3,"11":1,"12":2,"13":2,"14":2,"15":2,"16":2,"17":3,"18":3,"19":3,"20":1,"21":2,"22":2,"23":2,"24":2,"25":2,"26":2,"27":2,"28":2,"29":4,"30":3,"31":1,"32":0,"33":2,"34":1,"35":1,"36":1,"37":1,"38":2,"39":1,"40":1,"41":1,"42":1,"43":2,"44":2},"f":{"0":4,"1":3,"2":2,"3":2,"4":2,"5":4,"6":2,"7":2},"b":{"0":[1,3],"1":[1,2],"2":[1,2],"3":[3,1,0],"4":[1,1],"5":[1,1]}}
,"/Users/I750248/IdeaProjects/students-platform/students-platform/backend/src/modules/like/like.validation.ts": {"path":"/Users/I750248/IdeaProjects/students-platform/students-platform/backend/src/modules/like/like.validation.ts","statementMap":{"0":{"start":{"line":1,"column":0},"end":{"line":1,"column":48}},"1":{"start":{"line":2,"column":0},"end":{"line":2,"column":87}},"2":{"start":{"line":4,"column":29},"end":{"line":4,"column":48}},"3":{"start":{"line":6,"column":13},"end":{"line":14,"column":2}},"4":{"start":{"line":16,"column":13},"end":{"line":19,"column":2}},"5":{"start":{"line":21,"column":13},"end":{"line":25,"column":2}}},"fnMap":{},"branchMap":{},"s":{"0":0,"1":0,"2":0,"3":0,"4":0,"5":0},"f":{},"b":{}}
,"/Users/I750248/IdeaProjects/students-platform/students-platform/backend/src/modules/like/builders/index.ts": {"path":"/Users/I750248/IdeaProjects/students-platform/students-platform/backend/src/modules/like/builders/index.ts","statementMap":{"0":{"start":{"line":1,"column":0},"end":{"line":1,"column":9}},"1":{"start":{"line":1,"column":9},"end":{"line":1,"column":45}}},"fnMap":{"0":{"name":"(anonymous_0)","decl":{"start":{"line":1,"column":9},"end":{"line":1,"column":20}},"loc":{"start":{"line":1,"column":9},"end":{"line":1,"column":45}}}},"branchMap":{},"s":{"0":2,"1":16},"f":{"0":14},"b":{}}
,"/Users/I750248/IdeaProjects/students-platform/students-platform/backend/src/modules/like/builders/like.builder.ts": {"path":"/Users/I750248/IdeaProjects/students-platform/students-platform/backend/src/modules/like/builders/like.builder.ts","statementMap":{"0":{"start":{"line":5,"column":10},"end":{"line":5,"column":25}},"1":{"start":{"line":8,"column":4},"end":{"line":8,"column":28}},"2":{"start":{"line":9,"column":4},"end":{"line":9,"column":16}},"3":{"start":{"line":13,"column":4},"end":{"line":13,"column":36}},"4":{"start":{"line":14,"column":4},"end":{"line":14,"column":16}},"5":{"start":{"line":18,"column":4},"end":{"line":18,"column":42}},"6":{"start":{"line":19,"column":4},"end":{"line":19,"column":16}},"7":{"start":{"line":23,"column":4},"end":{"line":26,"column":41}},"8":{"start":{"line":30,"column":4},"end":{"line":30,"column":21}},"9":{"start":{"line":4,"column":0},"end":{"line":4,"column":13}}},"fnMap":{"0":{"name":"(anonymous_0)","decl":{"start":{"line":4,"column":0},"end":{"line":4,"column":13}},"loc":{"start":{"line":4,"column":0},"end":{"line":32,"column":1}}},"1":{"name":"(anonymous_1)","decl":{"start":{"line":7,"column":2},"end":{"line":7,"column":9}},"loc":{"start":{"line":7,"column":25},"end":{"line":10,"column":3}}},"2":{"name":"(anonymous_2)","decl":{"start":{"line":12,"column":2},"end":{"line":12,"column":13}},"loc":{"start":{"line":12,"column":33},"end":{"line":15,"column":3}}},"3":{"name":"(anonymous_3)","decl":{"start":{"line":17,"column":2},"end":{"line":17,"column":17}},"loc":{"start":{"line":17,"column":45},"end":{"line":20,"column":3}}},"4":{"name":"(anonymous_4)","decl":{"start":{"line":22,"column":2},"end":{"line":22,"column":9}},"loc":{"start":{"line":22,"column":43},"end":{"line":27,"column":3}}},"5":{"name":"(anonymous_5)","decl":{"start":{"line":29,"column":2},"end":{"line":29,"column":7}},"loc":{"start":{"line":29,"column":7},"end":{"line":31,"column":3}}}},"branchMap":{},"s":{"0":14,"1":14,"2":14,"3":14,"4":14,"5":14,"6":14,"7":14,"8":14,"9":2},"f":{"0":14,"1":14,"2":14,"3":14,"4":14,"5":14},"b":{}}
,"/Users/I750248/IdeaProjects/students-platform/students-platform/backend/src/modules/like/mappers/index.ts": {"path":"/Users/I750248/IdeaProjects/students-platform/students-platform/backend/src/modules/like/mappers/index.ts","statementMap":{"0":{"start":{"line":1,"column":0},"end":{"line":1,"column":9}},"1":{"start":{"line":1,"column":9},"end":{"line":1,"column":43}}},"fnMap":{"0":{"name":"(anonymous_0)","decl":{"start":{"line":1,"column":9},"end":{"line":1,"column":19}},"loc":{"start":{"line":1,"column":9},"end":{"line":1,"column":43}}}},"branchMap":{},"s":{"0":1,"1":4},"f":{"0":3},"b":{}}
,"/Users/I750248/IdeaProjects/students-platform/students-platform/backend/src/modules/like/mappers/like.mapper.ts": {"path":"/Users/I750248/IdeaProjects/students-platform/students-platform/backend/src/modules/like/mappers/like.mapper.ts","statementMap":{"0":{"start":{"line":6,"column":4},"end":{"line":12,"column":6}},"1":{"start":{"line":16,"column":4},"end":{"line":16,"column":52}},"2":{"start":{"line":16,"column":29},"end":{"line":16,"column":50}},"3":{"start":{"line":4,"column":0},"end":{"line":4,"column":13}}},"fnMap":{"0":{"name":"(anonymous_0)","decl":{"start":{"line":5,"column":2},"end":{"line":5,"column":8}},"loc":{"start":{"line":5,"column":33},"end":{"line":13,"column":3}}},"1":{"name":"(anonymous_1)","decl":{"start":{"line":15,"column":2},"end":{"line":15,"column":8}},"loc":{"start":{"line":15,"column":37},"end":{"line":17,"column":3}}},"2":{"name":"(anonymous_2)","decl":{"start":{"line":16,"column":21},"end":{"line":16,"column":25}},"loc":{"start":{"line":16,"column":29},"end":{"line":16,"column":50}}}},"branchMap":{"0":{"loc":{"start":{"line":8,"column":12},"end":{"line":8,"column":83}},"type":"cond-expr","locations":[{"start":{"line":8,"column":44},"end":{"line":8,"column":53}},{"start":{"line":8,"column":56},"end":{"line":8,"column":83}}]},"1":{"loc":{"start":{"line":8,"column":56},"end":{"line":8,"column":83}},"type":"binary-expr","locations":[{"start":{"line":8,"column":56},"end":{"line":8,"column":77}},{"start":{"line":8,"column":81},"end":{"line":8,"column":83}}]},"2":{"loc":{"start":{"line":9,"column":16},"end":{"line":9,"column":92}},"type":"cond-expr","locations":[{"start":{"line":9,"column":52},"end":{"line":9,"column":65}},{"start":{"line":9,"column":68},"end":{"line":9,"column":92}}]}},"s":{"0":5,"1":2,"2":4,"3":1},"f":{"0":5,"1":2,"2":4},"b":{"0":[5,0],"1":[0,0],"2":[5,0]}}
[...]
/students-platform/students-platform/backend/src/modules/university/university.builder.ts","statementMap":{"0":{"start":{"line":2,"column":12},"end":{"line":2,"column":36}},"1":{"start":{"line":3,"column":12},"end":{"line":3,"column":55}},"2":{"start":{"line":4,"column":12},"end":{"line":4,"column":41}},"3":{"start":{"line":9,"column":8},"end":{"line":9,"column":29}},"4":{"start":{"line":10,"column":8},"end":{"line":10,"column":20}},"5":{"start":{"line":14,"column":8},"end":{"line":14,"column":25}},"6":{"start":{"line":15,"column":8},"end":{"line":15,"column":20}},"7":{"start":{"line":19,"column":8},"end":{"line":19,"column":33}},"8":{"start":{"line":20,"column":8},"end":{"line":20,"column":20}},"9":{"start":{"line":24,"column":8},"end":{"line":24,"column":45}},"10":{"start":{"line":25,"column":8},"end":{"line":25,"column":20}},"11":{"start":{"line":29,"column":8},"end":{"line":29,"column":51}},"12":{"start":{"line":30,"column":8},"end":{"line":30,"column":20}},"13":{"start":{"line":34,"column":23},"end":{"line":34,"column":44}},"14":{"start":{"line":36,"column":8},"end":{"line":38,"column":9}},"15":{"start":{"line":37,"column":12},"end":{"line":37,"column":42}},"16":{"start":{"line":40,"column":8},"end":{"line":42,"column":9}},"17":{"start":{"line":41,"column":12},"end":{"line":41,"column":48}},"18":{"start":{"line":44,"column":28},"end":{"line":44,"column":45}},"19":{"start":{"line":45,"column":20},"end":{"line":45,"column":67}},"20":{"start":{"line":47,"column":8},"end":{"line":47,"column":59}},"21":{"start":{"line":1,"column":0},"end":{"line":1,"column":13}}},"fnMap":{"0":{"name":"(anonymous_0)","decl":{"start":{"line":1,"column":0},"end":{"line":1,"column":13}},"loc":{"start":{"line":1,"column":0},"end":{"line":49,"column":1}}},"1":{"name":"(anonymous_1)","decl":{"start":{"line":8,"column":4},"end":{"line":8,"column":13}},"loc":{"start":{"line":8,"column":28},"end":{"line":11,"column":5}}},"2":{"name":"(anonymous_2)","decl":{"start":{"line":13,"column":4},"end":{"line":13,"column":11}},"loc":{"start":{"line":13,"column":24},"end":{"line":16,"column":5}}},"3":{"name":"(anonymous_3)","decl":{"start":{"line":18,"column":4},"end":{"line":18,"column":15}},"loc":{"start":{"line":18,"column":32},"end":{"line":21,"column":5}}},"4":{"name":"(anonymous_4)","decl":{"start":{"line":23,"column":4},"end":{"line":23,"column":11}},"loc":{"start":{"line":23,"column":24},"end":{"line":26,"column":5}}},"5":{"name":"(anonymous_5)","decl":{"start":{"line":28,"column":4},"end":{"line":28,"column":14}},"loc":{"start":{"line":28,"column":30},"end":{"line":31,"column":5}}},"6":{"name":"(anonymous_6)","decl":{"start":{"line":33,"column":4},"end":{"line":33,"column":9}},"loc":{"start":{"line":33,"column":9},"end":{"line":48,"column":5}}}},"branchMap":{"0":{"loc":{"start":{"line":36,"column":8},"end":{"line":38,"column":9}},"type":"if","locations":[{"start":{"line":36,"column":8},"end":{"line":38,"column":9}},{"start":{},"end":{}}]},"1":{"loc":{"start":{"line":40,"column":8},"end":{"line":42,"column":9}},"type":"if","locations":[{"start":{"line":40,"column":8},"end":{"line":42,"column":9}},{"start":{},"end":{}}]},"2":{"loc":{"start":{"line":47,"column":15},"end":{"line":47,"column":58}},"type":"cond-expr","locations":[{"start":{"line":47,"column":29},"end":{"line":47,"column":52}},{"start":{"line":47,"column":55},"end":{"line":47,"column":58}}]}},"s":{"0":15,"1":15,"2":15,"3":0,"4":0,"5":0,"6":0,"7":0,"8":0,"9":14,"10":14,"11":2,"12":2,"13":15,"14":15,"15":14,"16":15,"17":2,"18":15,"19":15,"20":15,"21":1},"f":{"0":15,"1":0,"2":0,"3":0,"4":14,"5":2,"6":15},"b":{"0":[14,1],"1":[2,13],"2":[15,0]}}
,"/Users/I750248/IdeaProjects/students-platform/students-platform/backend/src/modules/university/university.controller.ts": {"path":"/Users/I750248/IdeaProjects/students-platform/students-platform/backend/src/modules/university/university.controller.ts","statementMap":{"0":{"start":{"line":2,"column":0},"end":{"line":2,"column":57}},"1":{"start":{"line":5,"column":2},"end":{"line":31,"column":4}},"2":{"start":{"line":6,"column":4},"end":{"line":30,"column":5}},"3":{"start":{"line":7,"column":20},"end":{"line":7,"column":65}},"4":{"start":{"line":8,"column":23},"end":{"line":8,"column":71}},"5":{"start":{"line":9,"column":19},"end":{"line":9,"column":55}},"6":{"start":{"line":11,"column":21},"end":{"line":15,"column":8}},"7":{"start":{"line":17,"column":6},"end":{"line":17,"column":42}},"8":{"start":{"line":19,"column":6},"end":{"line":28,"column":7}},"9":{"start":{"line":20,"column":8},"end":{"line":22,"column":9}},"10":{"start":{"line":21,"column":10},"end":{"line":21,"column":64}},"11":{"start":{"line":23,"column":8},"end":{"line":27,"column":9}},"12":{"start":{"line":24,"column":10},"end":{"line":26,"column":13}},"13":{"start":{"line":29,"column":6},"end":{"line":29,"column":16}},"14":{"start":{"line":34,"column":13},"end":{"line":34,"column":63}}},"fnMap":{"0":{"name":"(anonymous_0)","decl":{"start":{"line":4,"column":0},"end":{"line":4,"column":6}},"loc":{"start":{"line":4,"column":0},"end":{"line":32,"column":1}}},"1":{"name":"(anonymous_1)","decl":{"start":{"line":5,"column":11},"end":{"line":5,"column":16}},"loc":{"start":{"line":5,"column":69},"end":{"line":31,"column":3}}}},"branchMap":{"0":{"loc":{"start":{"line":19,"column":6},"end":{"line":28,"column":7}},"type":"if","locations":[{"start":{"line":19,"column":6},"end":{"line":28,"column":7}},{"start":{},"end":{}}]},"1":{"loc":{"start":{"line":20,"column":8},"end":{"line":22,"column":9}},"type":"if","locations":[{"start":{"line":20,"column":8},"end":{"line":22,"column":9}},{"start":{},"end":{}}]},"2":{"loc":{"start":{"line":23,"column":8},"end":{"line":27,"column":9}},"type":"if","locations":[{"start":{"line":23,"column":8},"end":{"line":27,"column":9}},{"start":{},"end":{}}]}},"s":{"0":1,"1":1,"2":7,"3":7,"4":7,"5":7,"6":7,"7":4,"8":3,"9":3,"10":1,"11":2,"12":1,"13":1,"14":1},"f":{"0":1,"1":7},"b":{"0":[3,0],"1":[1,2],"2":[1,1]}}
,"/Users/I750248/IdeaProjects/students-platform/students-platform/backend/src/modules/university/university.routes.ts": {"path":"/Users/I750248/IdeaProjects/students-platform/students-platform/backend/src/modules/university/university.routes.ts","statementMap":{"0":{"start":{"line":1,"column":0},"end":{"line":1,"column":33}},"1":{"start":{"line":2,"column":0},"end":{"line":2,"column":63}},"2":{"start":{"line":4,"column":15},"end":{"line":4,"column":23}},"3":{"start":{"line":7,"column":0},"end":{"line":7,"column":57}},"4":{"start":{"line":9,"column":0},"end":{"line":9,"column":22}}},"fnMap":{},"branchMap":{},"s":{"0":0,"1":0,"2":0,"3":0,"4":0},"f":{},"b":{}}
,"/Users/I750248/IdeaProjects/students-platform/students-platform/backend/src/modules/university/university.service.ts": {"path":"/Users/I750248/IdeaProjects/students-platform/students-platform/backend/src/modules/university/university.service.ts","statementMap":{"0":{"start":{"line":1,"column":0},"end":{"line":1,"column":74}},"1":{"start":{"line":2,"column":0},"end":{"line":2,"column":39}},"2":{"start":{"line":3,"column":0},"end":{"line":3,"column":67}},"3":{"start":{"line":4,"column":0},"end":{"line":4,"column":60}},"4":{"start":{"line":8,"column":19},"end":{"line":8,"column":57}},"5":{"start":{"line":9,"column":19},"end":{"line":9,"column":33}},"6":{"start":{"line":12,"column":47},"end":{"line":12,"column":53}},"7":{"start":{"line":14,"column":4},"end":{"line":16,"column":5}},"8":{"start":{"line":15,"column":6},"end":{"line":15,"column":85}},"9":{"start":{"line":19,"column":6},"end":{"line":19,"column":92}},"10":{"start":{"line":21,"column":20},"end":{"line":21,"column":53}},"11":{"start":{"line":23,"column":4},"end":{"line":25,"column":5}},"12":{"start":{"line":24,"column":6},"end":{"line":24,"column":28}},"13":{"start":{"line":27,"column":4},"end":{"line":29,"column":5}},"14":{"start":{"line":28,"column":6},"end":{"line":28,"column":34}},"15":{"start":{"line":31,"column":16},"end":{"line":31,"column":31}},"16":{"start":{"line":33,"column":21},"end":{"line":33,"column":37}},"17":{"start":{"line":34,"column":4},"end":{"line":36,"column":5}},"18":{"start":{"line":35,"column":6},"end":{"line":35,"column":72}},"19":{"start":{"line":38,"column":18},"end":{"line":38,"column":39}},"20":{"start":{"line":39,"column":20},"end":{"line":39,"column":46}},"21":{"start":{"line":40,"column":28},"end":{"line":40,"column":56}},"22":{"start":{"line":42,"column":18},"end":{"line":42,"column":40}},"23":{"start":{"line":43,"column":23},"end":{"line":43,"column":68}},"24":{"start":{"line":45,"column":23},"end":{"line":45,"column":49}},"25":{"start":{"line":46,"column":25},"end":{"line":48,"column":null}},"26":{"start":{"line":51,"column":4},"end":{"line":57,"column":6}},"27":{"start":{"line":61,"column":13},"end":{"line":61,"column":57}}},"fnMap":{"0":{"name":"(anonymous_0)","decl":{"start":{"line":7,"column":0},"end":{"line":7,"column":6}},"loc":{"start":{"line":7,"column":0},"end":{"line":59,"column":1}}},"1":{"name":"(anonymous_1)","decl":{"start":{"line":11,"column":2},"end":{"line":11,"column":7}},"loc":{"start":{"line":11,"column":47},"end":{"line":58,"column":3}}}},"branchMap":{"0":{"loc":{"start":{"line":14,"column":4},"end":{"line":16,"column":5}},"type":"if","locations":[{"start":{"line":14,"column":4},"end":{"line":16,"column":5}},{"start":{},"end":{}}]},"1":{"loc":{"start":{"line":19,"column":6},"end":{"line":19,"column":92}},"type":"cond-expr","locations":[{"start":{"line":19,"column":38},"end":{"line":19,"column":47}},{"start":{"line":19,"column":50},"end":{"line":19,"column":92}}]},"2":{"loc":{"start":{"line":23,"column":4},"end":{"line":25,"column":5}},"type":"if","locations":[{"start":{"line":23,"column":4},"end":{"line":25,"column":5}},{"start":{},"end":{}}]},"3":{"loc":{"start":{"line":27,"column":4},"end":{"line":29,"column":5}},"type":"if","locations":[{"start":{"line":27,"column":4},"end":{"line":29,"column":5}},{"start":{},"end":{}}]},"4":{"loc":{"start":{"line":34,"column":4},"end":{"line":36,"column":5}},"type":"if","locations":[{"start":{"line":34,"column":4},"end":{"line":36,"column":5}},{"start":{},"end":{}}]}},"s":{"0":1,"1":1,"2":1,"3":1,"4":1,"5":1,"6":16,"7":16,"8":1,"9":15,"10":15,"11":15,"12":14,"13":15,"14":2,"15":15,"16":15,"17":14,"18":1,"19":13,"20":12,"21":12,"22":12,"23":12,"24":12,"25":12,"26":12,"27":1},"f":{"0":1,"1":16},"b":{"0":[1,15],"1":[3,12],"2":[14,1],"3":[2,13],"4":[1,13]}}
,"/Users/I750248/IdeaProjects/students-platform/students-platform/backend/src/modules/university/university.validation.ts": {"path":"/Users/I750248/IdeaProjects/students-platform/students-platform/backend/src/modules/university/university.validation.ts","statementMap":{"0":{"start":{"line":1,"column":0},"end":{"line":1,"column":16}},"1":{"start":{"line":7,"column":0},"end":{"line":7,"column":16}},"2":{"start":{"line":2,"column":22},"end":{"line":2,"column":34}},"3":{"start":{"line":3,"column":25},"end":{"line":3,"column":40}},"4":{"start":{"line":4,"column":2},"end":{"line":4,"column":43}},"5":{"start":{"line":8,"column":17},"end":{"line":8,"column":47}},"6":{"start":{"line":9,"column":2},"end":{"line":9,"column":51}}},"fnMap":{"0":{"name":"validateSearchParams","decl":{"start":{"line":1,"column":16},"end":{"line":1,"column":36}},"loc":{"start":{"line":1,"column":68},"end":{"line":5,"column":1}}},"1":{"name":"parsePage","decl":{"start":{"line":7,"column":16},"end":{"line":7,"column":25}},"loc":{"start":{"line":7,"column":44},"end":{"line":10,"column":1}}}},"branchMap":{"0":{"loc":{"start":{"line":4,"column":12},"end":{"line":4,"column":41}},"type":"binary-expr","locations":[{"start":{"line":4,"column":12},"end":{"line":4,"column":23}},{"start":{"line":4,"column":27},"end":{"line":4,"column":41}}]},"1":{"loc":{"start":{"line":8,"column":26},"end":{"line":8,"column":42}},"type":"binary-expr","locations":[{"start":{"line":8,"column":26},"end":{"line":8,"column":35}},{"start":{"line":8,"column":39},"end":{"line":8,"column":42}}]},"2":{"loc":{"start":{"line":9,"column":9},"end":{"line":9,"column":50}},"type":"cond-expr","locations":[{"start":{"line":9,"column":40},"end":{"line":9,"column":46}},{"start":{"line":9,"column":49},"end":{"line":9,"column":50}}]},"3":{"loc":{"start":{"line":9,"column":9},"end":{"line":9,"column":37}},"type":"binary-expr","locations":[{"start":{"line":9,"column":9},"end":{"line":9,"column":23}},{"start":{"line":9,"column":27},"end":{"line":9,"column":37}}]}},"s":{"0":2,"1":2,"2":25,"3":25,"4":25,"5":22,"6":22},"f":{"0":25,"1":22},"b":{"0":[25,8],"1":[22,14],"2":[18,4],"3":[22,20]}}
,"/Users/I750248/IdeaProjects/students-platform/students-platform/backend/src/modules/user/user.routes.ts": {"path":"/Users/I750248/IdeaProjects/students-platform/students-platform/backend/src/modules/user/user.routes.ts","statementMap":{"0":{"start":{"line":1,"column":0},"end":{"line":1,"column":33}},"1":{"start":{"line":2,"column":0},"end":{"line":2,"column":51}},"2":{"start":{"line":3,"column":0},"end":{"line":3,"column":73}},"3":{"start":{"line":6,"column":15},"end":{"line":6,"column":23}},"4":{"start":{"line":7,"column":0},"end":{"line":7,"column":50}},"5":{"start":{"line":8,"column":0},"end":{"line":8,"column":44}},"6":{"start":{"line":9,"column":0},"end":{"line":9,"column":46}},"7":{"start":{"line":10,"column":0},"end":{"line":10,"column":70}},"8":{"start":{"line":13,"column":0},"end":{"line":13,"column":22}}},"fnMap":{},"branchMap":{},"s":{"0":0,"1":0,"2":0,"3":0,"4":0,"5":0,"6":0,"7":0,"8":0},"f":{},"b":{}}
,"/Users/I750248/IdeaProjects/students-platform/students-platform/backend/src/shared/constants/index.ts": {"path":"/Users/I750248/IdeaProjects/students-platform/students-platform/backend/src/shared/constants/index.ts","statementMap":{"0":{"start":{"line":1,"column":0},"end":{"line":1,"column":33}}},"fnMap":{},"branchMap":{},"s":{"0":10},"f":{},"b":{}}
,"/Users/I750248/IdeaProjects/students-platform/students-platform/backend/src/shared/constants/post.constants.ts": {"path":"/Users/I750248/IdeaProjects/students-platform/students-platform/backend/src/shared/constants/post.constants.ts","statementMap":{"0":{"start":{"line":4,"column":13},"end":{"line":8,"column":11}},"1":{"start":{"line":15,"column":13},"end":{"line":18,"column":11}}},"fnMap":{},"branchMap":{},"s":{"0":10,"1":10},"f":{},"b":{}}
,"/Users/I750248/IdeaProjects/students-platform/students-platform/backend/src/shared/middleware/auth.middleware.ts": {"path":"/Users/I750248/IdeaProjects/students-platform/students-platform/backend/src/shared/middleware/auth.middleware.ts","statementMap":{"0":{"start":{"line":2,"column":0},"end":{"line":2,"column":31}},"1":{"start":{"line":3,"column":0},"end":{"line":3,"column":39}},"2":{"start":{"line":24,"column":30},"end":{"line":48,"column":1}},"3":{"start":{"line":29,"column":16},"end":{"line":29,"column":34}},"4":{"start":{"line":31,"column":2},"end":{"line":33,"column":3}},"5":{"start":{"line":32,"column":4},"end":{"line":32,"column":61}},"6":{"start":{"line":35,"column":2},"end":{"line":47,"column":3}},"7":{"start":{"line":36,"column":20},"end":{"line":36,"column":67}},"8":{"start":{"line":38,"column":4},"end":{"line":42,"column":6}},"9":{"start":{"line":44,"column":4},"end":{"line":44,"column":11}},"10":{"start":{"line":46,"column":4},"end":{"line":46,"column":73}},"11":{"start":{"line":24,"column":13},"end":{"line":24,"column":30}}},"fnMap":{"0":{"name":"(anonymous_1)","decl":{"start":{"line":24,"column":30},"end":{"line":24,"column":null}},"loc":{"start":{"line":28,"column":4},"end":{"line":48,"column":1}}}},"branchMap":{"0":{"loc":{"start":{"line":31,"column":2},"end":{"line":33,"column":3}},"type":"if","locations":[{"start":{"line":31,"column":2},"end":{"line":33,"column":3}},{"start":{},"end":{}}]}},"s":{"0":0,"1":0,"2":0,"3":0,"4":0,"5":0,"6":0,"7":0,"8":0,"9":0,"10":0,"11":0},"f":{"0":0},"b":{"0":[0,0]}}
,"/Users/I750248/IdeaProjects/students-platform/students-platform/backend/src/shared/middleware/role.middleware.ts": {"path":"/Users/I750248/IdeaProjects/students-platform/students-platform/backend/src/shared/middleware/role.middleware.ts","statementMap":{"0":{"start":{"line":3,"column":0},"end":{"line":3,"column":45}},"1":{"start":{"line":5,"column":28},"end":{"line":19,"column":1}},"2":{"start":{"line":10,"column":2},"end":{"line":12,"column":3}},"3":{"start":{"line":11,"column":4},"end":{"line":11,"column":61}},"4":{"start":{"line":14,"column":2},"end":{"line":16,"column":3}},"5":{"start":{"line":15,"column":4},"end":{"line":15,"column":70}},"6":{"start":{"line":18,"column":2},"end":{"line":18,"column":9}},"7":{"start":{"line":5,"column":13},"end":{"line":5,"column":28}}},"fnMap":{"0":{"name":"(anonymous_0)","decl":{"start":{"line":5,"column":28},"end":{"line":5,"column":null}},"loc":{"start":{"line":9,"column":4},"end":{"line":19,"column":1}}}},"branchMap":{"0":{"loc":{"start":{"line":10,"column":2},"end":{"line":12,"column":3}},"type":"if","locations":[{"start":{"line":10,"column":2},"end":{"line":12,"column":3}},{"start":{},"end":{}}]},"1":{"loc":{"start":{"line":14,"column":2},"end":{"line":16,"column":3}},"type":"if","locations":[{"start":{"line":14,"column":2},"end":{"line":16,"column":3}},{"start":{},"end":{}}]}},"s":{"0":0,"1":0,"2":0,"3":0,"4":0,"5":0,"6":0,"7":0},"f":{"0":0},"b":{"0":[0,0],"1":[0,0]}}
,"/Users/I750248/IdeaProjects/students-platform/students-platform/backend/src/shared/middleware/validation.middleware.ts": {"path":"/Users/I750248/IdeaProjects/students-platform/students-platform/backend/src/shared/middleware/validation.middleware.ts","statementMap":{"0":{"start":{"line":2,"column":0},"end":{"line":2,"column":53}},"1":{"start":{"line":4,"column":38},"end":{"line":20,"column":1}},"2":{"start":{"line":9,"column":17},"end":{"line":9,"column":38}},"3":{"start":{"line":11,"column":2},"end":{"line":17,"column":3}},"4":{"start":{"line":12,"column":23},"end":{"line":12,"column":40}},"5":{"start":{"line":13,"column":4},"end":{"line":16,"column":7}},"6":{"start":{"line":19,"column":2},"end":{"line":19,"column":9}},"7":{"start":{"line":4,"column":13},"end":{"line":4,"column":38}}},"fnMap":{"0":{"name":"(anonymous_0)","decl":{"start":{"line":4,"column":38},"end":{"line":4,"column":null}},"loc":{"start":{"line":8,"column":21},"end":{"line":20,"column":1}}}},"branchMap":{"0":{"loc":{"start":{"line":11,"column":2},"end":{"line":17,"column":3}},"type":"if","locations":[{"start":{"line":11,"column":2},"end":{"line":17,"column":3}},{"start":{},"end":{}}]},"1":{"loc":{"start":{"line":15,"column":13},"end":{"line":15,"column":70}},"type":"cond-expr","locations":[{"start":{"line":15,"column":43},"end":{"line":15,"column":58}},{"start":{"line":15,"column":61},"end":{"line":15,"column":70}}]}},"s":{"0":1,"1":1,"2":0,"3":0,"4":0,"5":0,"6":0,"7":1},"f":{"0":0},"b":{"0":[0,0],"1":[0,0]}}
,"/Users/I750248/IdeaProjects/students-platform/students-platform/backend/src/shared/types/domain.ts": {"path":"/Users/I750248/IdeaProjects/students-platform/students-platform/backend/src/shared/types/domain.ts","statementMap":{"0":{"start":{"line":1,"column":13},"end":{"line":1,"column":71}},"1":{"start":{"line":4,"column":13},"end":{"line":4,"column":54}},"2":{"start":{"line":9,"column":13},"end":{"line":17,"column":11}},"3":{"start":{"line":20,"column":13},"end":{"line":20,"column":77}}},"fnMap":{},"branchMap":{},"s":{"0":0,"1":0,"2":0,"3":0},"f":{},"b":{}}
,"/Users/I750248/IdeaProjects/students-platform/students-platform/backend/src/shared/utils/slug.ts": {"path":"/Users/I750248/IdeaProjects/students-platform/students-platform/backend/src/shared/utils/slug.ts","statementMap":{"0":{"start":{"line":7,"column":22},"end":{"line":14,"column":1}},"1":{"start":{"line":8,"column":2},"end":{"line":13,"column":29}},"2":{"start":{"line":7,"column":13},"end":{"line":7,"column":22}}},"fnMap":{"0":{"name":"(anonymous_0)","decl":{"start":{"line":7,"column":22},"end":{"line":7,"column":23}},"loc":{"start":{"line":7,"column":47},"end":{"line":14,"column":1}}}},"branchMap":{},"s":{"0":2,"1":6,"2":2},"f":{"0":6},"b":{}}
}
