TN:
SF:src/server.ts
FN:28,(anonymous_1)
FN:34,start
FN:37,(anonymous_3)
FN:43,(anonymous_4)
FNF:4
FNH:0
FNDA:0,(anonymous_1)
FNDA:0,start
FNDA:0,(anonymous_3)
FNDA:0,(anonymous_4)
DA:1,0
DA:2,0
DA:3,0
DA:4,0
DA:5,0
DA:6,0
DA:7,0
DA:8,0
DA:9,0
DA:11,0
DA:13,0
DA:15,0
DA:22,0
DA:23,0
DA:24,0
DA:25,0
DA:26,0
DA:28,0
DA:29,0
DA:32,0
DA:35,0
DA:37,0
DA:38,0
DA:39,0
DA:43,0
DA:44,0
DA:45,0
LF:27
LH:0
BRDA:32,0,0,0
BRDA:32,0,1,0
BRF:2
BRH:0
end_of_record
TN:
SF:src/config/env.ts
FNF:0
FNH:0
DA:1,2
DA:3,2
LF:2
LH:2
BRDA:4,0,0,2
BRDA:4,0,1,0
BRDA:5,1,0,2
BRDA:5,1,1,0
BRDA:6,2,0,2
BRDA:6,2,1,0
BRDA:7,3,0,2
BRDA:7,3,1,0
BRDA:8,4,0,2
BRDA:8,4,1,0
BRDA:9,5,0,2
BRDA:9,5,1,0
BRDA:11,6,0,2
BRDA:11,6,1,0
BRDA:11,7,0,0
BRDA:11,7,1,0
BRDA:12,8,0,2
BRDA:12,8,1,0
BRDA:13,9,0,2
BRDA:13,9,1,0
BRDA:14,10,0,2
BRDA:14,10,1,0
BRF:22
BRH:10
end_of_record
TN:
SF:src/modules/category/category.constants.ts
FNF:0
FNH:0
DA:4,6
DA:14,6
LF:2
LH:2
BRF:0
BRH:0
end_of_record
TN:
SF:src/modules/category/category.controller.ts
FN:6,(anonymous_0)
FN:7,(anonymous_1)
FN:27,(anonymous_2)
FN:52,(anonymous_3)
FN:66,(anonymous_4)
FN:80,(anonymous_5)
FN:90,(anonymous_6)
FNF:7
FNH:6
FNDA:1,(anonymous_0)
FNDA:3,(anonymous_1)
FNDA:3,(anonymous_2)
FNDA:2,(anonymous_3)
FNDA:2,(anonymous_4)
FNDA:0,(anonymous_5)
FNDA:2,(anonymous_6)
DA:2,1
DA:3,1
DA:4,1
DA:7,1
DA:8,3
DA:9,3
DA:10,1
DA:11,1
DA:13,2
DA:14,2
DA:16,0
DA:18,1
DA:20,0
DA:23,1
DA:27,1
DA:28,3
DA:29,3
DA:30,3
DA:31,1
DA:32,1
DA:34,2
DA:35,2
DA:37,1
DA:39,0
DA:41,1
DA:43,0
DA:45,0
DA:48,0
DA:52,1
DA:53,2
DA:54,2
DA:55,2
DA:56,1
DA:57,1
DA:59,1
DA:60,1
DA:62,0
DA:66,1
DA:67,2
DA:68,2
DA:69,2
DA:70,1
DA:71,1
DA:73,1
DA:74,1
DA:76,0
DA:80,1
DA:81,0
DA:82,0
DA:83,0
DA:84,0
DA:86,0
DA:90,1
DA:91,2
DA:92,2
DA:93,2
DA:94,2
DA:96,0
DA:101,1
LF:59
LH:45
BRDA:13,0,0,2
BRDA:13,0,1,0
BRDA:14,1,0,0
BRDA:14,1,1,1
BRDA:14,1,2,0
BRDA:34,2,0,2
BRDA:34,2,1,0
BRDA:35,3,0,1
BRDA:35,3,1,0
BRDA:35,3,2,1
BRDA:35,3,3,0
BRDA:35,3,4,0
BRDA:59,4,0,1
BRDA:59,4,1,0
BRDA:59,5,0,1
BRDA:59,5,1,1
BRDA:73,6,0,1
BRDA:73,6,1,0
BRDA:73,7,0,1
BRDA:73,7,1,1
BRF:20
BRH:11
end_of_record
TN:
SF:src/modules/category/category.model.ts
FNF:0
FNH:0
DA:1,4
DA:8,4
DA:10,4
DA:53,4
DA:56,4
DA:61,4
LF:6
LH:6
BRF:0
BRH:0
end_of_record
TN:
SF:src/modules/category/category.routes.ts
FNF:0
FNH:0
DA:1,0
DA:2,0
DA:3,0
DA:4,0
DA:5,0
DA:12,0
DA:14,0
DA:15,0
DA:16,0
DA:17,0
DA:18,0
DA:19,0
DA:21,0
LF:13
LH:0
BRF:0
BRH:0
end_of_record
TN:
SF:src/modules/category/category.service.ts
FN:8,(anonymous_0)
FN:22,(anonymous_1)
FN:59,(anonymous_2)
FN:67,(anonymous_3)
FN:75,(anonymous_4)
FN:81,(anonymous_5)
FNF:6
FNH:5
FNDA:2,(anonymous_0)
FNDA:3,(anonymous_1)
FNDA:2,(anonymous_2)
FNDA:2,(anonymous_3)
FNDA:0,(anonymous_4)
FNDA:2,(anonymous_5)
DA:1,2
DA:3,2
DA:4,2
DA:5,2
DA:7,2
DA:9,2
DA:13,2
DA:14,2
DA:15,1
DA:18,1
DA:19,1
DA:23,3
DA:25,3
DA:26,1
DA:29,2
DA:33,2
DA:34,2
DA:38,2
DA:39,1
DA:43,1
DA:44,0
DA:45,0
DA:46,0
DA:50,1
DA:56,1
DA:60,2
DA:61,2
DA:62,1
DA:64,1
DA:68,2
DA:69,2
DA:70,1
DA:72,1
DA:76,0
DA:82,2
DA:88,2
LF:36
LH:32
BRDA:14,0,0,1
BRDA:14,0,1,1
BRDA:25,1,0,1
BRDA:25,1,1,2
BRDA:33,2,0,2
BRDA:33,2,1,0
BRDA:38,3,0,1
BRDA:38,3,1,1
BRDA:43,4,0,0
BRDA:43,4,1,1
BRDA:43,5,0,1
BRDA:43,5,1,0
BRDA:45,6,0,0
BRDA:45,6,1,0
BRDA:61,7,0,1
BRDA:61,7,1,1
BRDA:69,8,0,1
BRDA:69,8,1,1
BRF:18
BRH:13
end_of_record
TN:
SF:src/modules/category/category.validation.ts
FNF:0
FNH:0
DA:1,0
DA:2,0
DA:3,0
DA:5,0
DA:7,0
DA:38,0
DA:71,0
DA:76,0
LF:8
LH:0
BRF:0
BRH:0
end_of_record
TN:
SF:src/modules/category/builders/category-create.builder.ts
FN:4,(anonymous_0)
FN:10,(anonymous_1)
FN:15,(anonymous_2)
FN:20,(anonymous_3)
FN:25,(anonymous_4)
FN:30,(anonymous_5)
FN:35,(anonymous_6)
FN:40,(anonymous_7)
FN:50,(anonymous_8)
FNF:9
FNH:9
FNDA:2,(anonymous_0)
FNDA:2,(anonymous_1)
FNDA:2,(anonymous_2)
FNDA:2,(anonymous_3)
FNDA:2,(anonymous_4)
FNDA:2,(anonymous_5)
FNDA:2,(anonymous_6)
FNDA:2,(anonymous_7)
FNDA:2,(anonymous_8)
DA:2,2
DA:4,2
DA:5,2
DA:11,2
DA:12,2
DA:16,2
DA:17,2
DA:21,2
DA:22,2
DA:26,2
DA:27,2
DA:31,2
DA:32,2
DA:36,2
DA:37,2
DA:41,2
DA:51,2
LF:17
LH:17
BRDA:46,0,0,2
BRDA:46,0,1,2
BRDA:47,1,0,2
BRDA:47,1,1,2
BRF:4
BRH:4
end_of_record
TN:
SF:src/modules/category/builders/category-update.builder.ts
FN:4,(anonymous_0)
FN:7,(anonymous_1)
FN:15,(anonymous_2)
FN:20,(anonymous_3)
FN:25,(anonymous_4)
FN:30,(anonymous_5)
FN:35,(anonymous_6)
FN:40,(anonymous_7)
FN:50,(anonymous_8)
FNF:9
FNH:9
FNDA:2,(anonymous_0)
FNDA:2,(anonymous_1)
FNDA:2,(anonymous_2)
FNDA:2,(anonymous_3)
FNDA:2,(anonymous_4)
FNDA:2,(anonymous_5)
FNDA:2,(anonymous_6)
FNDA:2,(anonymous_7)
FNDA:2,(anonymous_8)
DA:2,2
DA:4,2
DA:5,2
DA:8,2
DA:9,2
DA:10,2
DA:12,2
DA:16,2
DA:17,2
DA:21,2
DA:22,2
DA:26,2
DA:27,2
DA:31,2
DA:32,2
DA:36,2
DA:37,2
DA:41,2
DA:51,2
LF:19
LH:19
BRDA:9,0,0,2
BRDA:9,0,1,0
BRDA:43,1,0,2
BRDA:43,1,1,2
BRF:4
BRH:3
end_of_record
TN:
SF:src/modules/category/builders/index.ts
FN:1,(anonymous_0)
FN:2,(anonymous_1)
FNF:2
FNH:2
FNDA:2,(anonymous_0)
FNDA:2,(anonymous_1)
DA:1,4
DA:2,4
LF:2
LH:2
BRF:0
BRH:0
end_of_record
TN:
SF:src/modules/category/mappers/category.mapper.ts
FN:12,(anonymous_0)
FN:29,(anonymous_1)
FN:30,(anonymous_2)
FNF:3
FNH:3
FNDA:6,(anonymous_0)
FNDA:2,(anonymous_1)
FNDA:2,(anonymous_2)
DA:8,1
DA:13,6
DA:30,2
LF:3
LH:3
BRDA:17,0,0,6
BRDA:17,0,1,4
BRDA:18,1,0,6
BRDA:18,1,1,6
BRF:4
BRH:4
end_of_record
TN:
SF:src/modules/category/mappers/index.ts
FN:1,(anonymous_0)
FNF:1
FNH:1
FNDA:6,(anonymous_0)
DA:1,7
LF:1
LH:1
BRF:0
BRH:0
end_of_record
TN:
SF:src/modules/comment/comment.controller.ts
FN:6,(anonymous_0)
FN:7,(anonymous_1)
FN:40,(anonymous_2)
FN:61,(anonymous_3)
FN:79,(anonymous_4)
FN:101,(anonymous_5)
FN:134,(anonymous_6)
FN:160,(anonymous_7)
FN:176,(anonymous_8)
FNF:9
FNH:9
FNDA:1,(anonymous_0)
FNDA:5,(anonymous_1)
FNDA:3,(anonymous_2)
FNDA:2,(anonymous_3)
FNDA:3,(anonymous_4)
FNDA:4,(anonymous_5)
FNDA:4,(anonymous_6)
FNDA:3,(anonymous_7)
FNDA:3,(anonymous_8)
DA:3,1
DA:4,1
DA:7,1
DA:12,5
DA:13,5
DA:15,5
DA:22,5
DA:23,2
DA:25,2
DA:30,3
DA:31,1
DA:33,2
DA:34,1
DA:36,1
DA:40,1
DA:45,3
DA:46,3
DA:47,3
DA:49,3
DA:54,3
DA:61,2
DA:62,2
DA:65,2
DA:75,1
DA:79,1
DA:84,3
DA:85,3
DA:87,3
DA:89,2
DA:90,1
DA:93,1
DA:95,1
DA:97,1
DA:101,1
DA:106,4
DA:107,4
DA:108,4
DA:110,4
DA:112,3
DA:113,1
DA:116,2
DA:117,1
DA:120,1
DA:121,1
DA:123,1
DA:125,1
DA:130,1
DA:134,1
DA:139,4
DA:140,4
DA:142,4
DA:144,3
DA:145,1
DA:148,2
DA:149,1
DA:152,1
DA:154,1
DA:156,1
DA:160,1
DA:165,3
DA:166,3
DA:168,3
DA:170,2
DA:172,1
DA:176,1
DA:181,3
DA:182,3
DA:184,3
DA:186,2
DA:188,1
DA:193,1
LF:71
LH:71
BRDA:30,0,0,1
BRDA:30,0,1,2
BRDA:33,1,0,1
BRDA:33,1,1,1
BRDA:89,2,0,1
BRDA:89,2,1,1
BRDA:112,3,0,1
BRDA:112,3,1,2
BRDA:116,4,0,1
BRDA:116,4,1,1
BRDA:144,5,0,1
BRDA:144,5,1,2
BRDA:148,6,0,1
BRDA:148,6,1,1
BRF:14
BRH:14
end_of_record
TN:
SF:src/modules/comment/comment.model.ts
FNF:0
FNH:0
DA:1,4
DA:9,4
DA:25,4
DA:28,4
LF:4
LH:4
BRF:0
BRH:0
end_of_record
TN:
SF:src/modules/comment/comment.routes.ts
FNF:0
FNH:0
DA:1,0
DA:2,0
DA:3,0
DA:4,0
DA:12,0
DA:15,0
DA:22,0
DA:30,0
DA:37,0
DA:44,0
DA:51,0
DA:60,0
DA:67,0
LF:13
LH:0
BRF:0
BRH:0
end_of_record
TN:
SF:src/modules/comment/comment.service.ts
FN:33,(anonymous_0)
FN:58,(anonymous_1)
FN:65,(anonymous_2)
FN:91,(anonymous_3)
FN:103,(anonymous_4)
FN:109,(anonymous_5)
FN:113,(anonymous_6)
FN:117,(anonymous_7)
FN:121,(anonymous_8)
FNF:9
FNH:9
FNDA:5,(anonymous_0)
FNDA:2,(anonymous_1)
FNDA:4,(anonymous_2)
FNDA:3,(anonymous_3)
FNDA:1,(anonymous_4)
FNDA:2,(anonymous_5)
FNDA:2,(anonymous_6)
FNDA:2,(anonymous_7)
FNDA:2,(anonymous_8)
DA:1,2
DA:2,2
DA:32,2
DA:35,5
DA:36,5
DA:37,1
DA:41,4
DA:42,2
DA:43,2
DA:44,1
DA:48,3
DA:55,3
DA:59,2
DA:66,4
DA:68,4
DA:70,4
DA:71,3
DA:72,1
DA:73,1
DA:76,4
DA:78,4
DA:88,4
DA:92,3
DA:100,3
DA:104,1
DA:106,1
DA:110,2
DA:114,2
DA:118,2
DA:122,2
DA:134,2
LF:31
LH:31
BRDA:36,0,0,1
BRDA:36,0,1,4
BRDA:41,1,0,2
BRDA:41,1,1,2
BRDA:43,2,0,1
BRDA:43,2,1,1
BRDA:52,3,0,3
BRDA:52,3,1,2
BRDA:66,4,0,2
BRDA:66,5,0,2
BRDA:66,6,0,2
BRDA:70,7,0,3
BRDA:70,7,1,1
BRDA:72,8,0,1
BRDA:72,8,1,0
BRDA:127,9,0,1
BRDA:127,9,1,1
BRF:17
BRH:16
end_of_record
TN:
SF:src/modules/comment/comment.validation.ts
FN:4,validateCommentContent
FN:10,validateObjectId
FN:16,parsePaginationParams
FN:27,(anonymous_3)
FN:51,(anonymous_4)
FN:67,(anonymous_5)
FN:81,(anonymous_6)
FN:95,(anonymous_7)
FNF:8
FNH:3
FNDA:11,validateCommentContent
FNDA:11,validateObjectId
FNDA:18,parsePaginationParams
FNDA:0,(anonymous_3)
FNDA:0,(anonymous_4)
FNDA:0,(anonymous_5)
FNDA:0,(anonymous_6)
FNDA:0,(anonymous_7)
DA:4,2
DA:5,11
DA:6,9
DA:7,9
DA:10,2
DA:11,11
DA:13,9
DA:16,2
DA:17,18
DA:18,18
DA:20,18
DA:27,2
DA:32,0
DA:34,0
DA:35,0
DA:38,0
DA:39,0
DA:44,0
DA:45,0
DA:48,0
DA:51,2
DA:56,0
DA:58,0
DA:59,0
DA:64,0
DA:67,2
DA:72,0
DA:74,0
DA:75,0
DA:78,0
DA:81,2
DA:86,0
DA:88,0
DA:89,0
DA:92,0
DA:95,2
DA:100,0
DA:102,0
DA:103,0
DA:106,0
LF:40
LH:16
BRDA:5,0,0,2
BRDA:5,0,1,9
BRDA:7,1,0,9
BRDA:7,1,1,8
BRDA:11,2,0,2
BRDA:11,2,1,9
BRDA:17,3,0,18
BRDA:17,3,1,3
BRDA:18,4,0,18
BRDA:18,4,1,3
BRDA:21,5,0,15
BRDA:21,5,1,3
BRDA:21,6,0,18
BRDA:21,6,1,17
BRDA:22,7,0,13
BRDA:22,7,1,5
BRDA:22,8,0,18
BRDA:22,8,1,17
BRDA:22,8,2,15
BRDA:34,9,0,0
BRDA:34,9,1,0
BRDA:38,10,0,0
BRDA:38,10,1,0
BRDA:44,11,0,0
BRDA:44,11,1,0
BRDA:44,12,0,0
BRDA:44,12,1,0
BRDA:58,13,0,0
BRDA:58,13,1,0
BRDA:74,14,0,0
BRDA:74,14,1,0
BRDA:88,15,0,0
BRDA:88,15,1,0
BRDA:102,16,0,0
BRDA:102,16,1,0
BRDA:102,17,0,0
BRDA:102,17,1,0
BRF:37
BRH:19
end_of_record
TN:
SF:src/modules/like/like.constants.ts
FNF:0
FNH:0
DA:1,3
LF:1
LH:1
BRF:0
BRH:0
end_of_record
TN:
SF:src/modules/like/like.controller.ts
FN:8,(anonymous_0)
FN:9,(anonymous_1)
FN:40,(anonymous_2)
FN:65,(anonymous_3)
FN:87,(anonymous_4)
FN:110,(anonymous_5)
FNF:6
FNH:6
FNDA:1,(anonymous_0)
FNDA:3,(anonymous_1)
FNDA:2,(anonymous_2)
FNDA:2,(anonymous_3)
FNDA:1,(anonymous_4)
FNDA:1,(anonymous_5)
DA:3,1
DA:4,1
DA:5,1
DA:9,1
DA:14,3
DA:15,3
DA:21,1
DA:23,1
DA:28,2
DA:29,2
DA:31,1
DA:33,1
DA:36,0
DA:40,1
DA:45,2
DA:46,2
DA:48,2
DA:54,1
DA:58,1
DA:59,1
DA:61,0
DA:65,1
DA:70,2
DA:71,2
DA:73,2
DA:79,2
DA:83,0
DA:87,1
DA:92,1
DA:93,1
DA:95,1
DA:99,1
DA:101,1
DA:106,0
DA:110,1
DA:115,1
DA:116,1
DA:117,1
DA:119,1
DA:124,0
DA:129,1
LF:41
LH:36
BRDA:28,0,0,2
BRDA:28,0,1,0
BRDA:29,1,0,1
BRDA:29,1,1,1
BRDA:58,2,0,1
BRDA:58,2,1,0
BRDA:58,3,0,1
BRDA:58,3,1,1
BRF:8
BRH:6
end_of_record
TN:
SF:src/modules/like/like.model.ts
FNF:0
FNH:0
DA:1,2
DA:11,2
DA:32,2
DA:35,2
DA:38,2
DA:43,2
LF:6
LH:6
BRF:0
BRH:0
end_of_record
TN:
SF:src/modules/like/like.routes.ts
FNF:0
FNH:0
DA:1,0
DA:2,0
DA:3,0
DA:4,0
DA:10,0
DA:12,0
DA:14,0
DA:22,0
DA:30,0
DA:37,0
DA:39,0
LF:11
LH:0
BRF:0
BRH:0
end_of_record
TN:
SF:src/modules/like/like.service.ts
FN:9,(anonymous_0)
FN:37,(anonymous_1)
FN:51,(anonymous_2)
FN:61,(anonymous_3)
FN:72,(anonymous_4)
FN:82,(anonymous_5)
FN:93,(anonymous_6)
FN:104,(anonymous_7)
FNF:8
FNH:8
FNDA:4,(anonymous_0)
FNDA:3,(anonymous_1)
FNDA:2,(anonymous_2)
FNDA:2,(anonymous_3)
FNDA:2,(anonymous_4)
FNDA:4,(anonymous_5)
FNDA:2,(anonymous_6)
FNDA:2,(anonymous_7)
DA:1,2
DA:3,2
DA:4,2
DA:5,2
DA:6,2
DA:8,2
DA:10,4
DA:11,4
DA:12,1
DA:15,3
DA:19,3
DA:21,3
DA:22,1
DA:25,2
DA:29,2
DA:30,2
DA:32,2
DA:34,2
DA:38,3
DA:42,3
DA:44,3
DA:45,1
DA:48,2
DA:52,2
DA:56,2
DA:58,2
DA:62,2
DA:66,2
DA:73,2
DA:77,2
DA:83,4
DA:85,3
DA:87,1
DA:89,0
DA:94,2
DA:96,1
DA:97,1
DA:99,1
DA:100,1
DA:105,2
DA:107,1
DA:108,1
DA:110,1
DA:111,1
DA:116,2
LF:45
LH:44
BRDA:11,0,0,1
BRDA:11,0,1,3
BRDA:21,1,0,1
BRDA:21,1,1,2
BRDA:44,2,0,1
BRDA:44,2,1,2
BRDA:83,3,0,3
BRDA:83,3,1,1
BRDA:83,3,2,0
BRDA:94,4,0,1
BRDA:94,4,1,1
BRDA:105,5,0,1
BRDA:105,5,1,1
BRF:13
BRH:12
end_of_record
TN:
SF:src/modules/like/like.validation.ts
FNF:0
FNH:0
DA:1,0
DA:2,0
DA:4,0
DA:6,0
DA:16,0
DA:21,0
LF:6
LH:0
BRF:0
BRH:0
end_of_record
TN:
SF:src/modules/like/builders/index.ts
FN:1,(anonymous_0)
FNF:1
FNH:1
FNDA:14,(anonymous_0)
DA:1,16
LF:1
LH:1
BRF:0
BRH:0
end_of_record
TN:
SF:src/modules/like/builders/like.builder.ts
FN:4,(anonymous_0)
FN:7,(anonymous_1)
FN:12,(anonymous_2)
FN:17,(anonymous_3)
FN:22,(anonymous_4)
FN:29,(anonymous_5)
FNF:6
FNH:6
FNDA:14,(anonymous_0)
FNDA:14,(anonymous_1)
FNDA:14,(anonymous_2)
FNDA:14,(anonymous_3)
FNDA:14,(anonymous_4)
FNDA:14,(anonymous_5)
DA:4,2
DA:5,14
DA:8,14
DA:9,14
DA:13,14
DA:14,14
DA:18,14
DA:19,14
DA:23,14
DA:30,14
LF:10
LH:10
BRF:0
BRH:0
end_of_record
TN:
SF:src/modules/like/mappers/index.ts
FN:1,(anonymous_0)
FNF:1
FNH:1
FNDA:3,(anonymous_0)
DA:1,4
LF:1
LH:1
BRF:0
BRH:0
end_of_record
TN:
SF:src/modules/like/mappers/like.mapper.ts
FN:5,(anonymous_0)
FN:15,(anonymous_1)
FN:16,(anonymous_2)
FNF:3
FNH:3
FNDA:5,(anonymous_0)
FNDA:2,(anonymous_1)
FNDA:4,(anonymous_2)
DA:4,1
DA:6,5
DA:16,4
LF:3
LH:3
BRDA:8,0,0,5
BRDA:8,0,1,0
BRDA:8,1,0,0
BRDA:8,1,1,0
BRDA:9,2,0,5
BRDA:9,2,1,0
BRF:6
BRH:2
end_of_record
TN:
SF:src/modules/post/post.constants.ts
FNF:0
FNH:0
DA:4,3
DA:17,3
LF:2
LH:2
BRF:0
BRH:0
end_of_record
TN:
SF:src/modules/post/post.controller.ts
FN:8,(anonymous_0)
FN:9,(anonymous_1)
FN:37,(anonymous_2)
FN:65,(anonymous_3)
FN:97,(anonymous_4)
FN:116,(anonymous_5)
FN:136,(anonymous_6)
FN:156,(anonymous_7)
FNF:8
FNH:8
FNDA:1,(anonymous_0)
FNDA:2,(anonymous_1)
FNDA:3,(anonymous_2)
FNDA:4,(anonymous_3)
FNDA:1,(anonymous_4)
FNDA:1,(anonymous_5)
FNDA:1,(anonymous_6)
FNDA:3,(anonymous_7)
DA:3,1
DA:4,1
DA:5,1
DA:6,1
DA:9,1
DA:14,2
DA:16,2
DA:21,1
DA:23,1
DA:28,1
DA:29,1
DA:33,0
DA:37,1
DA:42,3
DA:43,3
DA:44,3
DA:46,3
DA:48,3
DA:49,1
DA:52,2
DA:53,1
DA:54,1
DA:57,2
DA:59,2
DA:61,0
DA:65,1
DA:70,4
DA:71,4
DA:74,4
DA:76,1
DA:78,1
DA:83,3
DA:84,3
DA:86,1
DA:88,1
DA:90,1
DA:93,0
DA:97,1
DA:102,1
DA:103,1
DA:108,1
DA:110,1
DA:112,0
DA:116,1
DA:121,1
DA:122,1
DA:123,1
DA:128,1
DA:130,1
DA:132,0
DA:136,1
DA:141,1
DA:142,1
DA:143,1
DA:148,1
DA:150,1
DA:152,0
DA:156,1
DA:161,3
DA:162,3
DA:163,3
DA:167,3
DA:172,3
DA:174,0
DA:179,1
LF:65
LH:58
BRDA:28,0,0,1
BRDA:28,0,1,0
BRDA:28,1,0,1
BRDA:28,1,1,1
BRDA:48,2,0,1
BRDA:48,2,1,2
BRDA:52,3,0,1
BRDA:52,3,1,1
BRDA:83,4,0,3
BRDA:83,4,1,0
BRDA:84,5,0,1
BRDA:84,5,1,1
BRDA:84,5,2,1
BRDA:162,6,0,3
BRDA:162,6,1,1
BRDA:163,7,0,1
BRDA:163,7,1,2
BRDA:168,8,0,2
BRDA:168,8,1,1
BRDA:168,9,0,3
BRDA:168,9,1,2
BRF:21
BRH:19
end_of_record
TN:
SF:src/modules/post/post.model.ts
FNF:0
FNH:0
DA:1,8
DA:9,8
DA:14,8
DA:54,8
DA:57,8
DA:60,8
DA:62,8
LF:7
LH:7
BRF:0
BRH:0
end_of_record
TN:
SF:src/modules/post/post.routes.ts
FNF:0
FNH:0
DA:1,0
DA:2,0
DA:3,0
DA:4,0
DA:12,0
DA:17,0
DA:20,0
DA:23,0
DA:30,0
DA:37,0
DA:46,0
DA:54,0
DA:62,0
LF:13
LH:0
BRF:0
BRH:0
end_of_record
TN:
SF:src/modules/post/post.scorer.ts
FN:4,(anonymous_0)
FN:16,(anonymous_1)
FN:22,(anonymous_2)
FN:26,(anonymous_3)
FNF:4
FNH:4
FNDA:8,(anonymous_0)
FNDA:13,(anonymous_1)
FNDA:14,(anonymous_2)
FNDA:15,(anonymous_3)
DA:3,3
DA:5,8
DA:6,8
DA:11,8
DA:13,8
DA:17,13
DA:18,13
DA:19,13
DA:23,14
DA:27,15
DA:29,12
DA:33,12
LF:12
LH:12
BRDA:27,0,0,3
BRDA:27,0,1,12
BRDA:29,1,0,10
BRDA:29,1,1,2
BRDA:31,2,0,2
BRDA:31,2,1,1
BRDA:33,3,0,5
BRDA:33,3,1,7
BRF:8
BRH:8
end_of_record
TN:
SF:src/modules/post/post.service.ts
FN:17,(anonymous_0)
FN:20,(anonymous_1)
FN:35,(anonymous_2)
FN:42,(anonymous_3)
FN:78,(anonymous_4)
FN:97,(anonymous_5)
FN:107,(anonymous_6)
FN:115,(anonymous_7)
FN:122,(anonymous_8)
FN:137,(anonymous_9)
FN:149,(anonymous_10)
FN:155,(anonymous_11)
FNF:12
FNH:5
FNDA:13,(anonymous_0)
FNDA:3,(anonymous_1)
FNDA:2,(anonymous_2)
FNDA:5,(anonymous_3)
FNDA:0,(anonymous_4)
FNDA:0,(anonymous_5)
FNDA:0,(anonymous_6)
FNDA:1,(anonymous_7)
FNDA:0,(anonymous_8)
FNDA:0,(anonymous_9)
FNDA:0,(anonymous_10)
FNDA:0,(anonymous_11)
DA:1,2
DA:11,2
DA:12,2
DA:13,2
DA:14,2
DA:15,2
DA:17,2
DA:18,13
DA:22,3
DA:23,3
DA:24,2
DA:27,1
DA:31,1
DA:32,1
DA:36,2
DA:43,5
DA:45,5
DA:46,1
DA:49,4
DA:53,4
DA:54,1
DA:57,3
DA:58,3
DA:59,2
DA:62,1
DA:66,1
DA:75,1
DA:81,0
DA:83,0
DA:87,0
DA:94,0
DA:98,0
DA:108,0
DA:116,1
DA:123,0
DA:124,0
DA:126,0
DA:130,0
DA:138,0
DA:140,0
DA:149,0
DA:150,0
DA:151,0
DA:152,0
DA:155,0
DA:157,0
DA:163,2
LF:47
LH:29
BRDA:23,0,0,2
BRDA:23,0,1,1
BRDA:23,1,0,3
BRDA:23,1,1,2
BRDA:45,2,0,1
BRDA:45,2,1,4
BRDA:49,3,0,4
BRDA:49,3,1,0
BRDA:53,4,0,1
BRDA:53,4,1,3
BRDA:58,5,0,2
BRDA:58,5,1,1
BRDA:58,6,0,3
BRDA:58,6,1,2
BRDA:80,7,0,0
BRDA:124,8,0,0
BRDA:124,8,1,0
BRDA:126,9,0,0
BRDA:126,9,1,0
BRDA:126,10,0,0
BRDA:126,10,1,0
BRDA:138,11,0,0
BRDA:138,12,0,0
BRDA:155,13,0,0
BRDA:155,13,1,0
BRDA:155,14,0,0
BRDA:155,14,1,0
BRF:27
BRH:13
end_of_record
TN:
SF:src/modules/post/post.validation.ts
FN:9,(anonymous_0)
FN:11,(anonymous_1)
FN:19,(anonymous_2)
FN:22,(anonymous_3)
FN:39,(anonymous_4)
FN:43,(anonymous_5)
FNF:6
FNH:3
FNDA:3,(anonymous_0)
FNDA:0,(anonymous_1)
FNDA:2,(anonymous_2)
FNDA:0,(anonymous_3)
FNDA:2,(anonymous_4)
FNDA:0,(anonymous_5)
DA:1,1
DA:2,1
DA:3,1
DA:4,1
DA:6,1
DA:7,1
DA:9,1
DA:10,3
DA:11,3
DA:13,3
DA:19,1
DA:20,2
DA:23,0
DA:24,0
DA:25,0
DA:26,0
DA:28,0
DA:29,0
DA:30,0
DA:31,0
DA:34,0
DA:36,0
DA:39,1
DA:40,2
DA:44,0
DA:45,0
DA:47,0
DA:48,0
DA:49,0
DA:51,0
DA:52,0
DA:54,0
DA:56,0
DA:57,0
DA:60,0
DA:63,1
DA:83,1
DA:103,1
DA:108,1
DA:113,1
LF:40
LH:19
BRDA:10,0,0,3
BRDA:10,0,1,0
BRDA:11,1,0,0
BRDA:11,1,1,0
BRDA:14,2,0,0
BRDA:14,2,1,3
BRDA:14,3,0,3
BRDA:14,3,1,0
BRDA:15,4,0,3
BRDA:15,4,1,0
BRDA:15,5,0,3
BRDA:15,5,1,3
BRDA:15,5,2,3
BRDA:23,6,0,0
BRDA:23,6,1,0
BRDA:25,7,0,0
BRDA:25,7,1,0
BRDA:25,8,0,0
BRDA:25,8,1,0
BRDA:28,9,0,0
BRDA:28,9,1,0
BRDA:30,10,0,0
BRDA:30,10,1,0
BRDA:30,11,0,0
BRDA:30,11,1,0
BRDA:44,12,0,0
BRDA:44,12,1,0
BRDA:48,13,0,0
BRDA:48,13,1,0
BRDA:48,14,0,0
BRDA:48,14,1,0
BRDA:56,15,0,0
BRDA:56,15,1,0
BRDA:56,16,0,0
BRDA:56,16,1,0
BRDA:56,16,2,0
BRF:36
BRH:7
end_of_record
TN:
SF:src/modules/post/builders/index.ts
FN:1,(anonymous_0)
FN:2,(anonymous_1)
FN:3,(anonymous_2)
FNF:3
FNH:2
FNDA:0,(anonymous_0)
FNDA:1,(anonymous_1)
FNDA:1,(anonymous_2)
DA:1,2
DA:2,3
DA:3,3
LF:3
LH:3
BRF:0
BRH:0
end_of_record
TN:
SF:src/modules/post/builders/post-create.builder.ts
FN:9,(anonymous_0)
FN:16,(anonymous_1)
FN:21,(anonymous_2)
FN:26,(anonymous_3)
FN:31,(anonymous_4)
FN:36,(anonymous_5)
FN:41,(anonymous_6)
FN:46,(anonymous_7)
FN:51,(anonymous_8)
FN:62,(anonymous_9)
FNF:10
FNH:10
FNDA:1,(anonymous_0)
FNDA:1,(anonymous_1)
FNDA:1,(anonymous_2)
FNDA:1,(anonymous_3)
FNDA:1,(anonymous_4)
FNDA:1,(anonymous_5)
FNDA:1,(anonymous_6)
FNDA:1,(anonymous_7)
FNDA:1,(anonymous_8)
FNDA:1,(anonymous_9)
DA:3,2
DA:9,2
DA:10,1
DA:17,1
DA:18,1
DA:22,1
DA:23,1
DA:27,1
DA:28,1
DA:32,1
DA:33,1
DA:37,1
DA:38,1
DA:42,1
DA:43,1
DA:47,1
DA:48,1
DA:52,1
DA:63,1
LF:19
LH:19
BRDA:32,0,0,1
BRDA:32,0,1,0
BRDA:37,1,0,1
BRDA:37,1,1,1
BRDA:42,2,0,1
BRDA:42,2,1,1
BRDA:47,3,0,1
BRDA:47,3,1,1
BRF:8
BRH:7
end_of_record
TN:
SF:src/modules/post/builders/post-query.builder.ts
FN:7,(anonymous_0)
FN:10,(anonymous_1)
FN:15,(anonymous_2)
FN:20,(anonymous_3)
FN:25,(anonymous_4)
FN:30,(anonymous_5)
FN:35,(anonymous_6)
FN:41,(anonymous_7)
FN:61,(anonymous_8)
FNF:9
FNH:0
FNDA:0,(anonymous_0)
FNDA:0,(anonymous_1)
FNDA:0,(anonymous_2)
FNDA:0,(anonymous_3)
FNDA:0,(anonymous_4)
FNDA:0,(anonymous_5)
FNDA:0,(anonymous_6)
FNDA:0,(anonymous_7)
FNDA:0,(anonymous_8)
DA:7,2
DA:8,0
DA:11,0
DA:12,0
DA:16,0
DA:17,0
DA:21,0
DA:22,0
DA:26,0
DA:27,0
DA:31,0
DA:32,0
DA:36,0
DA:37,0
DA:38,0
DA:42,0
DA:43,0
DA:45,0
DA:46,0
DA:47,0
DA:50,0
DA:51,0
DA:54,0
DA:55,0
DA:58,0
DA:62,0
LF:26
LH:1
BRDA:42,0,0,0
BRDA:42,0,1,0
BRDA:46,1,0,0
BRDA:46,1,1,0
BRDA:47,2,0,0
BRDA:47,2,1,0
BRDA:50,3,0,0
BRDA:50,3,1,0
BRDA:54,4,0,0
BRDA:54,4,1,0
BRF:10
BRH:0
end_of_record
TN:
SF:src/modules/post/builders/post-update.builder.ts
FN:8,(anonymous_0)
FN:11,(anonymous_1)
FN:16,(anonymous_2)
FN:21,(anonymous_3)
FN:26,(anonymous_4)
FN:31,(anonymous_5)
FN:36,(anonymous_6)
FN:43,(anonymous_7)
FN:53,(anonymous_8)
FNF:9
FNH:9
FNDA:1,(anonymous_0)
FNDA:1,(anonymous_1)
FNDA:1,(anonymous_2)
FNDA:1,(anonymous_3)
FNDA:1,(anonymous_4)
FNDA:1,(anonymous_5)
FNDA:1,(anonymous_6)
FNDA:1,(anonymous_7)
FNDA:1,(anonymous_8)
DA:8,2
DA:9,1
DA:12,1
DA:13,1
DA:17,1
DA:18,1
DA:22,1
DA:23,1
DA:27,1
DA:28,1
DA:32,1
DA:33,1
DA:37,1
DA:38,0
DA:40,1
DA:44,1
DA:50,1
DA:54,1
LF:18
LH:17
BRDA:37,0,0,0
BRDA:37,0,1,1
BRF:2
BRH:1
end_of_record
TN:
SF:src/modules/post/mappers/index.ts
FN:1,(anonymous_0)
FNF:1
FNH:1
FNDA:4,(anonymous_0)
DA:1,7
LF:1
LH:1
BRF:0
BRH:0
end_of_record
TN:
SF:src/modules/post/mappers/post.mapper.ts
FN:12,(anonymous_0)
FN:33,(anonymous_1)
FN:34,(anonymous_2)
FN:40,(anonymous_3)
FNF:4
FNH:2
FNDA:4,(anonymous_0)
FNDA:0,(anonymous_1)
FNDA:0,(anonymous_2)
FNDA:12,(anonymous_3)
DA:8,3
DA:13,4
DA:34,0
DA:41,12
DA:42,12
DA:43,4
DA:44,0
DA:45,0
LF:8
LH:5
BRDA:18,0,0,4
BRDA:18,0,1,0
BRDA:21,1,0,4
BRDA:21,1,1,0
BRDA:41,2,0,0
BRDA:41,2,1,12
BRDA:42,3,0,8
BRDA:42,3,1,4
BRDA:43,4,0,4
BRDA:43,4,1,0
BRDA:44,5,0,0
BRDA:44,5,1,0
BRF:12
BRH:6
end_of_record
TN:
SF:src/modules/scholarship/scholarship.adapter.ts
FN:4,(anonymous_0)
FN:18,(anonymous_1)
FN:19,(anonymous_2)
FN:22,(anonymous_3)
FNF:4
FNH:4
FNDA:22,(anonymous_0)
FNDA:12,(anonymous_1)
FNDA:22,(anonymous_2)
FNDA:12,(anonymous_3)
DA:3,2
DA:5,22
DA:19,22
DA:23,12
LF:4
LH:4
BRDA:14,0,0,22
BRDA:14,0,1,0
BRDA:24,1,0,12
BRDA:24,1,1,0
BRDA:25,2,0,12
BRDA:25,2,1,1
BRF:6
BRH:4
end_of_record
TN:
SF:src/modules/scholarship/scholarship.builder.ts
FN:1,(anonymous_0)
FN:19,(anonymous_1)
FN:24,(anonymous_2)
FN:29,(anonymous_3)
FN:34,(anonymous_4)
FN:39,(anonymous_5)
FN:44,(anonymous_6)
FN:49,(anonymous_7)
FN:54,(anonymous_8)
FN:59,(anonymous_9)
FN:64,(anonymous_10)
FN:69,(anonymous_11)
FN:74,(anonymous_12)
FN:79,(anonymous_13)
FN:84,(anonymous_14)
FNF:15
FNH:5
FNDA:20,(anonymous_0)
FNDA:20,(anonymous_1)
FNDA:20,(anonymous_2)
FNDA:20,(anonymous_3)
FNDA:0,(anonymous_4)
FNDA:0,(anonymous_5)
FNDA:0,(anonymous_6)
FNDA:0,(anonymous_7)
FNDA:0,(anonymous_8)
FNDA:0,(anonymous_9)
FNDA:0,(anonymous_10)
FNDA:0,(anonymous_11)
FNDA:0,(anonymous_12)
FNDA:0,(anonymous_13)
FNDA:20,(anonymous_14)
DA:1,2
DA:2,20
DA:3,20
DA:4,20
DA:5,20
DA:6,20
DA:7,20
DA:8,20
DA:9,20
DA:10,20
DA:11,20
DA:12,20
DA:13,20
DA:14,20
DA:15,20
DA:16,20
DA:17,20
DA:20,20
DA:21,20
DA:25,20
DA:26,20
DA:30,20
DA:31,20
DA:35,0
DA:36,0
DA:40,0
DA:41,0
DA:45,0
DA:46,0
DA:50,0
DA:51,0
DA:55,0
DA:56,0
DA:60,0
DA:61,0
DA:65,0
DA:66,0
DA:70,0
DA:71,0
DA:75,0
DA:76,0
DA:80,0
DA:81,0
DA:85,20
DA:86,20
LF:45
LH:25
BRF:0
BRH:0
end_of_record
TN:
SF:src/modules/scholarship/scholarship.controller.ts
FN:8,(anonymous_0)
FN:12,(anonymous_1)
FNF:2
FNH:2
FNDA:1,(anonymous_0)
FNDA:15,(anonymous_1)
DA:2,1
DA:3,1
DA:9,1
DA:12,1
DA:13,15
DA:14,15
DA:15,15
DA:17,15
DA:18,2
DA:21,13
DA:25,8
DA:27,5
DA:28,5
DA:29,1
DA:31,4
DA:32,1
DA:34,3
DA:35,1
DA:37,2
DA:38,1
DA:41,1
DA:46,1
LF:22
LH:22
BRDA:17,0,0,2
BRDA:17,0,1,13
BRDA:23,1,0,13
BRDA:23,1,1,10
BRDA:27,2,0,5
BRDA:27,2,1,0
BRDA:28,3,0,1
BRDA:28,3,1,4
BRDA:31,4,0,1
BRDA:31,4,1,3
BRDA:34,5,0,1
BRDA:34,5,1,2
BRDA:37,6,0,1
BRDA:37,6,1,1
BRF:14
BRH:13
end_of_record
TN:
SF:src/modules/scholarship/scholarship.routes.ts
FNF:0
FNH:0
DA:1,0
DA:2,0
DA:4,0
DA:6,0
DA:8,0
LF:5
LH:0
BRF:0
BRH:0
end_of_record
TN:
SF:src/modules/scholarship/scholarship.service.ts
FN:8,(anonymous_1)
FNF:1
FNH:1
FNDA:20,(anonymous_1)
DA:1,2
DA:2,2
DA:3,2
DA:4,2
DA:7,2
DA:9,20
DA:15,20
DA:16,20
DA:24,12
DA:25,12
DA:27,8
DA:28,8
DA:29,8
DA:30,2
DA:32,6
DA:33,1
DA:35,5
DA:36,1
DA:38,4
LF:19
LH:19
BRDA:8,0,0,16
BRDA:28,1,0,8
BRDA:28,1,1,4
BRDA:29,2,0,2
BRDA:29,2,1,6
BRDA:29,3,0,8
BRDA:29,3,1,7
BRDA:32,4,0,1
BRDA:32,4,1,5
BRDA:35,5,0,1
BRDA:35,5,1,4
BRF:11
BRH:11
end_of_record
TN:
SF:src/modules/scholarship/scholarship.validation.ts
FN:1,validateSearchParams
FN:6,parsePage
FNF:2
FNH:2
FNDA:24,validateSearchParams
FNDA:10,parsePage
DA:1,2
DA:2,24
DA:3,24
DA:6,2
DA:7,10
DA:8,10
LF:6
LH:6
BRDA:7,0,0,10
BRDA:7,0,1,2
BRDA:8,1,0,6
BRDA:8,1,1,4
BRDA:8,2,0,10
BRDA:8,2,1,8
BRF:6
BRH:6
end_of_record
TN:
SF:src/modules/university/university.adapter.ts
FN:4,(anonymous_0)
FN:15,(anonymous_1)
FN:16,(anonymous_2)
FNF:3
FNH:3
FNDA:91,(anonymous_0)
FNDA:12,(anonymous_1)
FNDA:91,(anonymous_2)
DA:3,1
DA:5,91
DA:16,91
LF:3
LH:3
BRDA:10,0,0,91
BRDA:10,0,1,1
BRDA:11,1,0,91
BRDA:11,1,1,1
BRF:4
BRH:4
end_of_record
TN:
SF:src/modules/university/university.builder.ts
FN:1,(anonymous_0)
FN:8,(anonymous_1)
FN:13,(anonymous_2)
FN:18,(anonymous_3)
FN:23,(anonymous_4)
FN:28,(anonymous_5)
FN:33,(anonymous_6)
FNF:7
FNH:4
FNDA:15,(anonymous_0)
FNDA:0,(anonymous_1)
FNDA:0,(anonymous_2)
FNDA:0,(anonymous_3)
FNDA:14,(anonymous_4)
FNDA:2,(anonymous_5)
FNDA:15,(anonymous_6)
DA:1,1
DA:2,15
DA:3,15
DA:4,15
DA:9,0
DA:10,0
DA:14,0
DA:15,0
DA:19,0
DA:20,0
DA:24,14
DA:25,14
DA:29,2
DA:30,2
DA:34,15
DA:36,15
DA:37,14
DA:40,15
DA:41,2
DA:44,15
DA:45,15
DA:47,15
LF:22
LH:16
BRDA:36,0,0,14
BRDA:36,0,1,1
BRDA:40,1,0,2
BRDA:40,1,1,13
BRDA:47,2,0,15
BRDA:47,2,1,0
BRF:6
BRH:5
end_of_record
TN:
SF:src/modules/university/university.controller.ts
FN:4,(anonymous_0)
FN:5,(anonymous_1)
FNF:2
FNH:2
FNDA:1,(anonymous_0)
FNDA:7,(anonymous_1)
DA:2,1
DA:5,1
DA:6,7
DA:7,7
DA:8,7
DA:9,7
DA:11,7
DA:17,4
DA:19,3
DA:20,3
DA:21,1
DA:23,2
DA:24,1
DA:29,1
DA:34,1
LF:15
LH:15
BRDA:19,0,0,3
BRDA:19,0,1,0
BRDA:20,1,0,1
BRDA:20,1,1,2
BRDA:23,2,0,1
BRDA:23,2,1,1
BRF:6
BRH:5
end_of_record
TN:
SF:src/modules/university/university.routes.ts
FNF:0
FNH:0
DA:1,0
DA:2,0
DA:4,0
DA:7,0
DA:9,0
LF:5
LH:0
BRF:0
BRH:0
end_of_record
TN:
SF:src/modules/university/university.service.ts
FN:7,(anonymous_0)
FN:11,(anonymous_1)
FNF:2
FNH:2
FNDA:1,(anonymous_0)
FNDA:16,(anonymous_1)
DA:1,1
DA:2,1
DA:3,1
DA:4,1
DA:8,1
DA:9,1
DA:12,16
DA:14,16
DA:15,1
DA:19,15
DA:21,15
DA:23,15
DA:24,14
DA:27,15
DA:28,2
DA:31,15
DA:33,15
DA:34,14
DA:35,1
DA:38,13
DA:39,12
DA:40,12
DA:42,12
DA:43,12
DA:45,12
DA:46,12
DA:51,12
DA:61,1
LF:28
LH:28
BRDA:14,0,0,1
BRDA:14,0,1,15
BRDA:19,1,0,3
BRDA:19,1,1,12
BRDA:23,2,0,14
BRDA:23,2,1,1
BRDA:27,3,0,2
BRDA:27,3,1,13
BRDA:34,4,0,1
BRDA:34,4,1,13
BRF:10
BRH:10
end_of_record
TN:
SF:src/modules/university/university.validation.ts
FN:1,validateSearchParams
FN:7,parsePage
FNF:2
FNH:2
FNDA:25,validateSearchParams
FNDA:22,parsePage
DA:1,2
DA:2,25
DA:3,25
DA:4,25
DA:7,2
DA:8,22
DA:9,22
LF:7
LH:7
BRDA:4,0,0,25
BRDA:4,0,1,8
BRDA:8,1,0,22
BRDA:8,1,1,14
BRDA:9,2,0,18
BRDA:9,2,1,4
BRDA:9,3,0,22
BRDA:9,3,1,20
BRF:8
BRH:8
end_of_record
TN:
SF:src/modules/user/user.routes.ts
FNF:0
FNH:0
DA:1,0
DA:2,0
DA:3,0
DA:6,0
DA:7,0
DA:8,0
DA:9,0
DA:10,0
DA:13,0
LF:9
LH:0
BRF:0
BRH:0
end_of_record
TN:
SF:src/shared/constants/index.ts
FNF:0
FNH:0
DA:1,10
LF:1
LH:1
BRF:0
BRH:0
end_of_record
TN:
SF:src/shared/constants/post.constants.ts
FNF:0
FNH:0
DA:4,10
DA:15,10
LF:2
LH:2
BRF:0
BRH:0
end_of_record
TN:
SF:src/shared/middleware/auth.middleware.ts
FN:24,(anonymous_1)
FNF:1
FNH:0
FNDA:0,(anonymous_1)
DA:2,0
DA:3,0
DA:24,0
DA:29,0
DA:31,0
DA:32,0
DA:35,0
DA:36,0
DA:38,0
DA:44,0
DA:46,0
LF:11
LH:0
BRDA:31,0,0,0
BRDA:31,0,1,0
BRF:2
BRH:0
end_of_record
TN:
SF:src/shared/middleware/role.middleware.ts
FN:5,(anonymous_0)
FNF:1
FNH:0
FNDA:0,(anonymous_0)
DA:3,0
DA:5,0
DA:10,0
DA:11,0
DA:14,0
DA:15,0
DA:18,0
LF:7
LH:0
BRDA:10,0,0,0
BRDA:10,0,1,0
BRDA:14,1,0,0
BRDA:14,1,1,0
BRF:4
BRH:0
end_of_record
TN:
SF:src/shared/middleware/validation.middleware.ts
FN:4,(anonymous_0)
FNF:1
FNH:0
FNDA:0,(anonymous_0)
DA:2,1
DA:4,1
DA:9,0
DA:11,0
DA:12,0
DA:13,0
DA:19,0
LF:7
LH:2
BRDA:11,0,0,0
BRDA:11,0,1,0
BRDA:15,1,0,0
BRDA:15,1,1,0
BRF:4
BRH:0
end_of_record
TN:
SF:src/shared/types/domain.ts
FNF:0
FNH:0
DA:1,0
DA:4,0
DA:9,0
DA:20,0
LF:4
LH:0
BRF:0
BRH:0
end_of_record
TN:
SF:src/shared/utils/slug.ts
FN:7,(anonymous_0)
FNF:1
FNH:1
FNDA:6,(anonymous_0)
DA:7,2
DA:8,6
LF:2
LH:2
BRF:0
BRH:0
end_of_record
